        -:    0:Source:/usr/include/c++/4.8/bits/stl_construct.h
        -:    0:Graph:TestLife.gcno
        -:    0:Data:TestLife.gcda
        -:    0:Runs:1
        -:    0:Programs:1
        -:    1:// nonstandard construct and destroy functions -*- C++ -*-
        -:    2:
        -:    3:// Copyright (C) 2001-2013 Free Software Foundation, Inc.
        -:    4://
        -:    5:// This file is part of the GNU ISO C++ Library.  This library is free
        -:    6:// software; you can redistribute it and/or modify it under the
        -:    7:// terms of the GNU General Public License as published by the
        -:    8:// Free Software Foundation; either version 3, or (at your option)
        -:    9:// any later version.
        -:   10:
        -:   11:// This library is distributed in the hope that it will be useful,
        -:   12:// but WITHOUT ANY WARRANTY; without even the implied warranty of
        -:   13:// MERCHANTABILITY or FITNESS FOR A PARTICULAR PURPOSE.  See the
        -:   14:// GNU General Public License for more details.
        -:   15:
        -:   16:// Under Section 7 of GPL version 3, you are granted additional
        -:   17:// permissions described in the GCC Runtime Library Exception, version
        -:   18:// 3.1, as published by the Free Software Foundation.
        -:   19:
        -:   20:// You should have received a copy of the GNU General Public License and
        -:   21:// a copy of the GCC Runtime Library Exception along with this program;
        -:   22:// see the files COPYING3 and COPYING.RUNTIME respectively.  If not, see
        -:   23:// <http://www.gnu.org/licenses/>.
        -:   24:
        -:   25:/*
        -:   26: *
        -:   27: * Copyright (c) 1994
        -:   28: * Hewlett-Packard Company
        -:   29: *
        -:   30: * Permission to use, copy, modify, distribute and sell this software
        -:   31: * and its documentation for any purpose is hereby granted without fee,
        -:   32: * provided that the above copyright notice appear in all copies and
        -:   33: * that both that copyright notice and this permission notice appear
        -:   34: * in supporting documentation.  Hewlett-Packard Company makes no
        -:   35: * representations about the suitability of this software for any
        -:   36: * purpose.  It is provided "as is" without express or implied warranty.
        -:   37: *
        -:   38: *
        -:   39: * Copyright (c) 1996,1997
        -:   40: * Silicon Graphics Computer Systems, Inc.
        -:   41: *
        -:   42: * Permission to use, copy, modify, distribute and sell this software
        -:   43: * and its documentation for any purpose is hereby granted without fee,
        -:   44: * provided that the above copyright notice appear in all copies and
        -:   45: * that both that copyright notice and this permission notice appear
        -:   46: * in supporting documentation.  Silicon Graphics makes no
        -:   47: * representations about the suitability of this software for any
        -:   48: * purpose.  It is provided "as is" without express or implied warranty.
        -:   49: */
        -:   50:
        -:   51:/** @file bits/stl_construct.h
        -:   52: *  This is an internal header file, included by other library headers.
        -:   53: *  Do not attempt to use it directly. @headername{memory}
        -:   54: */
        -:   55:
        -:   56:#ifndef _STL_CONSTRUCT_H
        -:   57:#define _STL_CONSTRUCT_H 1
        -:   58:
        -:   59:#include <new>
        -:   60:#include <bits/move.h>
        -:   61:#include <ext/alloc_traits.h>
        -:   62:
        -:   63:namespace std _GLIBCXX_VISIBILITY(default)
        -:   64:{
        -:   65:_GLIBCXX_BEGIN_NAMESPACE_VERSION
        -:   66:
        -:   67:  /**
        -:   68:   * Constructs an object in existing memory by invoking an allocated
        -:   69:   * object's constructor with an initializer.
        -:   70:   */
        -:   71:#if __cplusplus >= 201103L
        -:   72:  template<typename _T1, typename... _Args>
        -:   73:    inline void
function _ZSt10_ConstructISt6vectorI4CellSaIS1_EEIS3_EEvPT_DpOT0_ called 10 returned 100% blocks executed 86%
function _ZSt10_ConstructISt6vectorI11FredkinCellSaIS1_EEIS3_EEvPT_DpOT0_ called 10 returned 100% blocks executed 86%
function _ZSt10_ConstructISt6vectorI10ConwayCellSaIS1_EEIS3_EEvPT_DpOT0_ called 10 returned 100% blocks executed 86%
function _ZSt10_ConstructI4CellIRS0_EEvPT_DpOT0_ called 47 returned 100% blocks executed 78%
function _ZSt10_ConstructI11FredkinCellIS0_EEvPT_DpOT0_ called 47 returned 100% blocks executed 86%
function _ZSt10_ConstructI10ConwayCellIS0_EEvPT_DpOT0_ called 47 returned 100% blocks executed 86%
      171:   74:    _Construct(_T1* __p, _Args&&... __args)
      171:   75:    { ::new(static_cast<void*>(__p)) _T1(std::forward<_Args>(__args)...); }
call    0 returned 100%
call    1 returned 100%
branch  2 taken 100% (fallthrough)
branch  3 taken 0%
call    4 returned 100%
call    5 returned 100%
call    6 returned 100%
branch  7 taken 100% (fallthrough)
branch  8 taken 0%
call    9 returned 100%
call   10 returned 100%
call   11 returned 100%
branch 12 taken 100% (fallthrough)
branch 13 taken 0%
call   14 returned 100%
call   15 returned 100%
call   16 returned 100%
branch 17 taken 100% (fallthrough)
branch 18 taken 0%
call   19 returned 100%
branch 20 taken 100% (fallthrough)
branch 21 taken 0% (throw)
call   22 never executed
call   23 returned 100%
call   24 returned 100%
branch 25 taken 100% (fallthrough)
branch 26 taken 0%
call   27 returned 100%
call   28 returned 100%
call   29 returned 100%
branch 30 taken 100% (fallthrough)
branch 31 taken 0%
call   32 returned 100%
        -:   76:#else
        -:   77:  template<typename _T1, typename _T2>
        -:   78:    inline void
        -:   79:    _Construct(_T1* __p, const _T2& __value)
        -:   80:    {
        -:   81:      // _GLIBCXX_RESOLVE_LIB_DEFECTS
        -:   82:      // 402. wrong new expression in [some_]allocator::construct
        -:   83:      ::new(static_cast<void*>(__p)) _T1(__value);
        -:   84:    }
        -:   85:#endif
        -:   86:
        -:   87:  /**
        -:   88:   * Destroy the object pointed to by a pointer type.
        -:   89:   */
        -:   90:  template<typename _Tp>
        -:   91:    inline void
function _ZSt8_DestroyI4CellEvPT_ called 88 returned 100% blocks executed 100%
function _ZSt8_DestroyISt6vectorI4CellSaIS1_EEEvPT_ called 19 returned 100% blocks executed 100%
function _ZSt8_DestroyISt6vectorI11FredkinCellSaIS1_EEEvPT_ called 19 returned 100% blocks executed 100%
function _ZSt8_DestroyISt6vectorI10ConwayCellSaIS1_EEEvPT_ called 19 returned 100% blocks executed 100%
      145:   92:    _Destroy(_Tp* __pointer)
      145:   93:    { __pointer->~_Tp(); }
call    0 returned 100%
call    1 returned 100%
call    2 returned 100%
call    3 returned 100%
        -:   94:
        -:   95:  template<bool>
        -:   96:    struct _Destroy_aux
        -:   97:    {
        -:   98:      template<typename _ForwardIterator>
        -:   99:        static void
function _ZNSt12_Destroy_auxILb0EE9__destroyIP4CellEEvT_S4_ called 60 returned 100% blocks executed 100%
function _ZNSt12_Destroy_auxILb0EE9__destroyIPSt6vectorI4CellSaIS3_EEEEvT_S7_ called 9 returned 100% blocks executed 100%
function _ZNSt12_Destroy_auxILb0EE9__destroyIPSt6vectorI11FredkinCellSaIS3_EEEEvT_S7_ called 9 returned 100% blocks executed 100%
function _ZNSt12_Destroy_auxILb0EE9__destroyIPSt6vectorI10ConwayCellSaIS3_EEEEvT_S7_ called 9 returned 100% blocks executed 100%
       87:  100:        __destroy(_ForwardIterator __first, _ForwardIterator __last)
        -:  101:	{
      232:  102:	  for (; __first != __last; ++__first)
branch  0 taken 59%
branch  1 taken 41% (fallthrough)
branch  2 taken 68%
branch  3 taken 32% (fallthrough)
branch  4 taken 68%
branch  5 taken 32% (fallthrough)
branch  6 taken 68%
branch  7 taken 32% (fallthrough)
      145:  103:	    std::_Destroy(std::__addressof(*__first));
call    0 returned 100%
call    1 returned 100%
call    2 returned 100%
call    3 returned 100%
call    4 returned 100%
call    5 returned 100%
call    6 returned 100%
call    7 returned 100%
       87:  104:	}
        -:  105:    };
        -:  106:
        -:  107:  template<>
        -:  108:    struct _Destroy_aux<true>
        -:  109:    {
        -:  110:      template<typename _ForwardIterator>
        -:  111:        static void
function _ZNSt12_Destroy_auxILb1EE9__destroyIPP12AbstractCellEEvT_S5_ called 21 returned 100% blocks executed 100%
function _ZNSt12_Destroy_auxILb1EE9__destroyIP11FredkinCellEEvT_S4_ called 60 returned 100% blocks executed 100%
function _ZNSt12_Destroy_auxILb1EE9__destroyIP10ConwayCellEEvT_S4_ called 60 returned 100% blocks executed 100%
      141:  112:        __destroy(_ForwardIterator, _ForwardIterator) { }
        -:  113:    };
        -:  114:
        -:  115:  /**
        -:  116:   * Destroy a range of objects.  If the value_type of the object has
        -:  117:   * a trivial destructor, the compiler should optimize all of this
        -:  118:   * away, otherwise the objects' destructors must be invoked.
        -:  119:   */
        -:  120:  template<typename _ForwardIterator>
        -:  121:    inline void
function _ZSt8_DestroyIPP12AbstractCellEvT_S3_ called 21 returned 100% blocks executed 100%
function _ZSt8_DestroyIP4CellEvT_S2_ called 60 returned 100% blocks executed 100%
function _ZSt8_DestroyIP11FredkinCellEvT_S2_ called 60 returned 100% blocks executed 100%
function _ZSt8_DestroyIP10ConwayCellEvT_S2_ called 60 returned 100% blocks executed 100%
function _ZSt8_DestroyIPSt6vectorI4CellSaIS1_EEEvT_S5_ called 9 returned 100% blocks executed 100%
function _ZSt8_DestroyIPSt6vectorI11FredkinCellSaIS1_EEEvT_S5_ called 9 returned 100% blocks executed 100%
function _ZSt8_DestroyIPSt6vectorI10ConwayCellSaIS1_EEEvT_S5_ called 9 returned 100% blocks executed 100%
      228:  122:    _Destroy(_ForwardIterator __first, _ForwardIterator __last)
        -:  123:    {
        -:  124:      typedef typename iterator_traits<_ForwardIterator>::value_type
        -:  125:                       _Value_type;
      228:  126:      std::_Destroy_aux<__has_trivial_destructor(_Value_type)>::
call    0 returned 100%
call    1 returned 100%
call    2 returned 100%
call    3 returned 100%
call    4 returned 100%
call    5 returned 100%
call    6 returned 100%
        -:  127:	__destroy(__first, __last);
      228:  128:    }
        -:  129:
        -:  130:  /**
        -:  131:   * Destroy a range of objects using the supplied allocator.  For
        -:  132:   * nondefault allocators we do not optimize away invocation of 
        -:  133:   * destroy() even if _Tp has a trivial destructor.
        -:  134:   */
        -:  135:
        -:  136:  template<typename _ForwardIterator, typename _Allocator>
        -:  137:    void
        -:  138:    _Destroy(_ForwardIterator __first, _ForwardIterator __last,
        -:  139:	     _Allocator& __alloc)
        -:  140:    {
        -:  141:      typedef __gnu_cxx::__alloc_traits<_Allocator> __traits;
        -:  142:      for (; __first != __last; ++__first)
        -:  143:	__traits::destroy(__alloc, std::__addressof(*__first));
        -:  144:    }
        -:  145:
        -:  146:  template<typename _ForwardIterator, typename _Tp>
        -:  147:    inline void
function _ZSt8_DestroyIPP12AbstractCellS1_EvT_S3_RSaIT0_E called 21 returned 100% blocks executed 100%
function _ZSt8_DestroyIP4CellS0_EvT_S2_RSaIT0_E called 60 returned 100% blocks executed 100%
function _ZSt8_DestroyIP11FredkinCellS0_EvT_S2_RSaIT0_E called 60 returned 100% blocks executed 100%
function _ZSt8_DestroyIP10ConwayCellS0_EvT_S2_RSaIT0_E called 60 returned 100% blocks executed 100%
function _ZSt8_DestroyIPSt6vectorI4CellSaIS1_EES3_EvT_S5_RSaIT0_E called 9 returned 100% blocks executed 100%
function _ZSt8_DestroyIPSt6vectorI11FredkinCellSaIS1_EES3_EvT_S5_RSaIT0_E called 9 returned 100% blocks executed 100%
function _ZSt8_DestroyIPSt6vectorI10ConwayCellSaIS1_EES3_EvT_S5_RSaIT0_E called 9 returned 100% blocks executed 100%
      228:  148:    _Destroy(_ForwardIterator __first, _ForwardIterator __last,
        -:  149:	     allocator<_Tp>&)
        -:  150:    {
      228:  151:      _Destroy(__first, __last);
call    0 returned 100%
call    1 returned 100%
call    2 returned 100%
call    3 returned 100%
call    4 returned 100%
call    5 returned 100%
call    6 returned 100%
      228:  152:    }
        -:  153:
        -:  154:_GLIBCXX_END_NAMESPACE_VERSION
        -:  155:} // namespace std
        -:  156:
        -:  157:#endif /* _STL_CONSTRUCT_H */
        -:  158:
