        -:    0:Source:TestLife.c++
        -:    0:Graph:TestLife.gcno
        -:    0:Data:TestLife.gcda
        -:    0:Runs:1
        -:    0:Programs:1
        -:    1:#include <sstream>  // istringtstream, ostringstream
        -:    2:#include <string>   // string
        -:    3:
        -:    4:#include "gtest/gtest.h"
        -:    5:#include "Life.h"
        -:    6:
        -:    7:using namespace std;
        -:    8:
        -:    9:// 23 methods total
        -:   10:// 20 if exclude abstract method and AbstractCell constructor
        -:   11:
        -:   12:// --------------------------------------------------
        -:   13:// Common functionalities inherited from AbstractCell
        -:   14:// --------------------------------------------------
function _ZN34Life_AbstractCell_ShiftState1_TestD0Ev called 1 returned 100% blocks executed 100%
function _ZN34Life_AbstractCell_ShiftState1_TestD2Ev called 1 returned 100% blocks executed 75%
function _ZN34Life_AbstractCell_ShiftState1_Test8TestBodyEv called 1 returned 100% blocks executed 43%
function _ZN34Life_AbstractCell_ShiftState1_TestC2Ev called 1 returned 100% blocks executed 100%
        5:   15:TEST(Life, AbstractCell_ShiftState1) {
call    0 returned 100%
call    1 returned 100%
call    2 returned 100%
call    3 returned 100%
call    4 returned 100%
call    5 returned 100%
call    6 returned 100%
branch  7 taken 0% (fallthrough)
branch  8 taken 100%
call    9 never executed
call   10 returned 100%
        1:   16:	ConwayCell c('*');
call    0 returned 100%
branch  1 taken 100% (fallthrough)
branch  2 taken 0% (throw)
        1:   17:	c.shift_state();
call    0 returned 100%
branch  1 taken 100% (fallthrough)
branch  2 taken 0% (throw)
        1:   18:	ASSERT_EQ(c.get_state(), '.');
call    0 returned 100%
branch  1 taken 100% (fallthrough)
branch  2 taken 0% (throw)
call    3 returned 100%
branch  4 taken 100% (fallthrough)
branch  5 taken 0% (throw)
call    6 returned 100%
branch  7 taken 0% (fallthrough)
branch  8 taken 100%
call    9 never executed
branch 10 never executed
branch 11 never executed
call   12 never executed
branch 13 never executed
branch 14 never executed
call   15 never executed
branch 16 never executed
branch 17 never executed
call   18 never executed
branch 19 never executed
branch 20 never executed
call   21 never executed
call   22 never executed
call   23 returned 100%
branch 24 taken 100%
branch 25 taken 0%
call   26 never executed
call   27 never executed
call   28 never executed
        -:   19:}
        -:   20:
function _ZN34Life_AbstractCell_ShiftState2_TestD0Ev called 1 returned 100% blocks executed 100%
function _ZN34Life_AbstractCell_ShiftState2_TestD2Ev called 1 returned 100% blocks executed 75%
function _ZN34Life_AbstractCell_ShiftState2_Test8TestBodyEv called 1 returned 100% blocks executed 43%
function _ZN34Life_AbstractCell_ShiftState2_TestC2Ev called 1 returned 100% blocks executed 100%
        5:   21:TEST(Life, AbstractCell_ShiftState2) {
call    0 returned 100%
call    1 returned 100%
call    2 returned 100%
call    3 returned 100%
call    4 returned 100%
call    5 returned 100%
call    6 returned 100%
branch  7 taken 0% (fallthrough)
branch  8 taken 100%
call    9 never executed
call   10 returned 100%
        1:   22:	ConwayCell c('.');
call    0 returned 100%
branch  1 taken 100% (fallthrough)
branch  2 taken 0% (throw)
        1:   23:	c.shift_state();
call    0 returned 100%
branch  1 taken 100% (fallthrough)
branch  2 taken 0% (throw)
        1:   24:	ASSERT_EQ(c.get_state(), '*');
call    0 returned 100%
branch  1 taken 100% (fallthrough)
branch  2 taken 0% (throw)
call    3 returned 100%
branch  4 taken 100% (fallthrough)
branch  5 taken 0% (throw)
call    6 returned 100%
branch  7 taken 0% (fallthrough)
branch  8 taken 100%
call    9 never executed
branch 10 never executed
branch 11 never executed
call   12 never executed
branch 13 never executed
branch 14 never executed
call   15 never executed
branch 16 never executed
branch 17 never executed
call   18 never executed
branch 19 never executed
branch 20 never executed
call   21 never executed
call   22 never executed
call   23 returned 100%
branch 24 taken 100%
branch 25 taken 0%
call   26 never executed
call   27 never executed
call   28 never executed
        -:   25:}
        -:   26:
function _ZN34Life_AbstractCell_ShiftState3_TestD0Ev called 1 returned 100% blocks executed 100%
function _ZN34Life_AbstractCell_ShiftState3_TestD2Ev called 1 returned 100% blocks executed 75%
function _ZN34Life_AbstractCell_ShiftState3_Test8TestBodyEv called 1 returned 100% blocks executed 43%
function _ZN34Life_AbstractCell_ShiftState3_TestC2Ev called 1 returned 100% blocks executed 100%
        5:   27:TEST(Life, AbstractCell_ShiftState3) {
call    0 returned 100%
call    1 returned 100%
call    2 returned 100%
call    3 returned 100%
call    4 returned 100%
call    5 returned 100%
call    6 returned 100%
branch  7 taken 0% (fallthrough)
branch  8 taken 100%
call    9 never executed
call   10 returned 100%
        1:   28:	FredkinCell f('0');
call    0 returned 100%
branch  1 taken 100% (fallthrough)
branch  2 taken 0% (throw)
        1:   29:	f.shift_state();
call    0 returned 100%
branch  1 taken 100% (fallthrough)
branch  2 taken 0% (throw)
        1:   30:	ASSERT_EQ(f.get_state(), '-');
call    0 returned 100%
branch  1 taken 100% (fallthrough)
branch  2 taken 0% (throw)
call    3 returned 100%
branch  4 taken 100% (fallthrough)
branch  5 taken 0% (throw)
call    6 returned 100%
branch  7 taken 0% (fallthrough)
branch  8 taken 100%
call    9 never executed
branch 10 never executed
branch 11 never executed
call   12 never executed
branch 13 never executed
branch 14 never executed
call   15 never executed
branch 16 never executed
branch 17 never executed
call   18 never executed
branch 19 never executed
branch 20 never executed
call   21 never executed
call   22 never executed
call   23 returned 100%
branch 24 taken 100%
branch 25 taken 0%
call   26 never executed
call   27 never executed
call   28 never executed
        -:   31:}
        -:   32:
function _ZN34Life_AbstractCell_ShiftState4_TestD0Ev called 1 returned 100% blocks executed 100%
function _ZN34Life_AbstractCell_ShiftState4_TestD2Ev called 1 returned 100% blocks executed 75%
function _ZN34Life_AbstractCell_ShiftState4_Test8TestBodyEv called 1 returned 100% blocks executed 43%
function _ZN34Life_AbstractCell_ShiftState4_TestC2Ev called 1 returned 100% blocks executed 100%
        5:   33:TEST(Life, AbstractCell_ShiftState4) {
call    0 returned 100%
call    1 returned 100%
call    2 returned 100%
call    3 returned 100%
call    4 returned 100%
call    5 returned 100%
call    6 returned 100%
branch  7 taken 0% (fallthrough)
branch  8 taken 100%
call    9 never executed
call   10 returned 100%
        1:   34:	FredkinCell f('-');
call    0 returned 100%
branch  1 taken 100% (fallthrough)
branch  2 taken 0% (throw)
        1:   35:	f.shift_state();
call    0 returned 100%
branch  1 taken 100% (fallthrough)
branch  2 taken 0% (throw)
        1:   36:	ASSERT_EQ(f.get_state(), '0');
call    0 returned 100%
branch  1 taken 100% (fallthrough)
branch  2 taken 0% (throw)
call    3 returned 100%
branch  4 taken 100% (fallthrough)
branch  5 taken 0% (throw)
call    6 returned 100%
branch  7 taken 0% (fallthrough)
branch  8 taken 100%
call    9 never executed
branch 10 never executed
branch 11 never executed
call   12 never executed
branch 13 never executed
branch 14 never executed
call   15 never executed
branch 16 never executed
branch 17 never executed
call   18 never executed
branch 19 never executed
branch 20 never executed
call   21 never executed
call   22 never executed
call   23 returned 100%
branch 24 taken 100%
branch 25 taken 0%
call   26 never executed
call   27 never executed
call   28 never executed
        -:   37:}
        -:   38:
function _ZN31Life_AbstractCell_IsAlive1_TestD0Ev called 1 returned 100% blocks executed 100%
function _ZN31Life_AbstractCell_IsAlive1_TestD2Ev called 1 returned 100% blocks executed 75%
function _ZN31Life_AbstractCell_IsAlive1_Test8TestBodyEv called 1 returned 100% blocks executed 39%
function _ZN31Life_AbstractCell_IsAlive1_TestC2Ev called 1 returned 100% blocks executed 100%
        5:   39:TEST(Life, AbstractCell_IsAlive1) {
call    0 returned 100%
call    1 returned 100%
call    2 returned 100%
call    3 returned 100%
call    4 returned 100%
call    5 returned 100%
call    6 returned 100%
branch  7 taken 0% (fallthrough)
branch  8 taken 100%
call    9 never executed
call   10 returned 100%
        1:   40:	ConwayCell c('*');
call    0 returned 100%
branch  1 taken 100% (fallthrough)
branch  2 taken 0% (throw)
        1:   41:	ASSERT_TRUE(c.isAlive());
call    0 returned 100%
branch  1 taken 100% (fallthrough)
branch  2 taken 0% (throw)
call    3 returned 100%
branch  4 taken 100% (fallthrough)
branch  5 taken 0% (throw)
call    6 returned 100%
branch  7 taken 0% (fallthrough)
branch  8 taken 100%
call    9 never executed
branch 10 never executed
branch 11 never executed
call   12 never executed
branch 13 never executed
branch 14 never executed
call   15 never executed
call   16 never executed
branch 17 never executed
branch 18 never executed
call   19 never executed
branch 20 never executed
branch 21 never executed
call   22 never executed
call   23 never executed
call   24 never executed
call   25 returned 100%
branch 26 taken 100%
branch 27 taken 0%
call   28 never executed
call   29 never executed
call   30 never executed
call   31 never executed
        -:   42:}
        -:   43:
function _ZN31Life_AbstractCell_IsAlive2_TestD0Ev called 1 returned 100% blocks executed 100%
function _ZN31Life_AbstractCell_IsAlive2_TestD2Ev called 1 returned 100% blocks executed 75%
function _ZN31Life_AbstractCell_IsAlive2_Test8TestBodyEv called 1 returned 100% blocks executed 39%
function _ZN31Life_AbstractCell_IsAlive2_TestC2Ev called 1 returned 100% blocks executed 100%
        5:   44:TEST(Life, AbstractCell_IsAlive2) {
call    0 returned 100%
call    1 returned 100%
call    2 returned 100%
call    3 returned 100%
call    4 returned 100%
call    5 returned 100%
call    6 returned 100%
branch  7 taken 0% (fallthrough)
branch  8 taken 100%
call    9 never executed
call   10 returned 100%
        1:   45:	ConwayCell c('.');
call    0 returned 100%
branch  1 taken 100% (fallthrough)
branch  2 taken 0% (throw)
        1:   46:	ASSERT_FALSE(c.isAlive());
call    0 returned 100%
branch  1 taken 100% (fallthrough)
branch  2 taken 0% (throw)
call    3 returned 100%
branch  4 taken 100% (fallthrough)
branch  5 taken 0% (throw)
call    6 returned 100%
branch  7 taken 0% (fallthrough)
branch  8 taken 100%
call    9 never executed
branch 10 never executed
branch 11 never executed
call   12 never executed
branch 13 never executed
branch 14 never executed
call   15 never executed
call   16 never executed
branch 17 never executed
branch 18 never executed
call   19 never executed
branch 20 never executed
branch 21 never executed
call   22 never executed
call   23 never executed
call   24 never executed
call   25 returned 100%
branch 26 taken 100%
branch 27 taken 0%
call   28 never executed
call   29 never executed
call   30 never executed
call   31 never executed
        -:   47:}
        -:   48:
function _ZN31Life_AbstractCell_IsAlive3_TestD0Ev called 1 returned 100% blocks executed 100%
function _ZN31Life_AbstractCell_IsAlive3_TestD2Ev called 1 returned 100% blocks executed 75%
function _ZN31Life_AbstractCell_IsAlive3_Test8TestBodyEv called 1 returned 100% blocks executed 39%
function _ZN31Life_AbstractCell_IsAlive3_TestC2Ev called 1 returned 100% blocks executed 100%
        5:   49:TEST(Life, AbstractCell_IsAlive3) {
call    0 returned 100%
call    1 returned 100%
call    2 returned 100%
call    3 returned 100%
call    4 returned 100%
call    5 returned 100%
call    6 returned 100%
branch  7 taken 0% (fallthrough)
branch  8 taken 100%
call    9 never executed
call   10 returned 100%
        1:   50:	FredkinCell f('0');
call    0 returned 100%
branch  1 taken 100% (fallthrough)
branch  2 taken 0% (throw)
        1:   51:	ASSERT_TRUE(f.isAlive());
call    0 returned 100%
branch  1 taken 100% (fallthrough)
branch  2 taken 0% (throw)
call    3 returned 100%
branch  4 taken 100% (fallthrough)
branch  5 taken 0% (throw)
call    6 returned 100%
branch  7 taken 0% (fallthrough)
branch  8 taken 100%
call    9 never executed
branch 10 never executed
branch 11 never executed
call   12 never executed
branch 13 never executed
branch 14 never executed
call   15 never executed
call   16 never executed
branch 17 never executed
branch 18 never executed
call   19 never executed
branch 20 never executed
branch 21 never executed
call   22 never executed
call   23 never executed
call   24 never executed
call   25 returned 100%
branch 26 taken 100%
branch 27 taken 0%
call   28 never executed
call   29 never executed
call   30 never executed
call   31 never executed
        -:   52:}
        -:   53:
function _ZN31Life_AbstractCell_IsAlive4_TestD0Ev called 1 returned 100% blocks executed 100%
function _ZN31Life_AbstractCell_IsAlive4_TestD2Ev called 1 returned 100% blocks executed 75%
function _ZN31Life_AbstractCell_IsAlive4_Test8TestBodyEv called 1 returned 100% blocks executed 39%
function _ZN31Life_AbstractCell_IsAlive4_TestC2Ev called 1 returned 100% blocks executed 100%
        5:   54:TEST(Life, AbstractCell_IsAlive4) {
call    0 returned 100%
call    1 returned 100%
call    2 returned 100%
call    3 returned 100%
call    4 returned 100%
call    5 returned 100%
call    6 returned 100%
branch  7 taken 0% (fallthrough)
branch  8 taken 100%
call    9 never executed
call   10 returned 100%
        1:   55:	FredkinCell f('-');
call    0 returned 100%
branch  1 taken 100% (fallthrough)
branch  2 taken 0% (throw)
        1:   56:	ASSERT_FALSE(f.isAlive());
call    0 returned 100%
branch  1 taken 100% (fallthrough)
branch  2 taken 0% (throw)
call    3 returned 100%
branch  4 taken 100% (fallthrough)
branch  5 taken 0% (throw)
call    6 returned 100%
branch  7 taken 0% (fallthrough)
branch  8 taken 100%
call    9 never executed
branch 10 never executed
branch 11 never executed
call   12 never executed
branch 13 never executed
branch 14 never executed
call   15 never executed
call   16 never executed
branch 17 never executed
branch 18 never executed
call   19 never executed
branch 20 never executed
branch 21 never executed
call   22 never executed
call   23 never executed
call   24 never executed
call   25 returned 100%
branch 26 taken 100%
branch 27 taken 0%
call   28 never executed
call   29 never executed
call   30 never executed
call   31 never executed
        -:   57:}
        -:   58:
function _ZN34Life_AbstractCell_GetPointer1_TestD0Ev called 1 returned 100% blocks executed 100%
function _ZN34Life_AbstractCell_GetPointer1_TestD2Ev called 1 returned 100% blocks executed 75%
function _ZN34Life_AbstractCell_GetPointer1_Test8TestBodyEv called 1 returned 100% blocks executed 41%
function _ZN34Life_AbstractCell_GetPointer1_TestC2Ev called 1 returned 100% blocks executed 100%
        5:   59:TEST(Life, AbstractCell_GetPointer1) {
call    0 returned 100%
call    1 returned 100%
call    2 returned 100%
call    3 returned 100%
call    4 returned 100%
call    5 returned 100%
call    6 returned 100%
branch  7 taken 0% (fallthrough)
branch  8 taken 100%
call    9 never executed
call   10 returned 100%
        1:   60:	ConwayCell c('*');
call    0 returned 100%
branch  1 taken 100% (fallthrough)
branch  2 taken 0% (throw)
        1:   61:	ASSERT_EQ(c.get_pointer(), &c);
call    0 returned 100%
branch  1 taken 100% (fallthrough)
branch  2 taken 0% (throw)
call    3 returned 100%
branch  4 taken 100% (fallthrough)
branch  5 taken 0% (throw)
call    6 returned 100%
branch  7 taken 0% (fallthrough)
branch  8 taken 100%
call    9 never executed
branch 10 never executed
branch 11 never executed
call   12 never executed
branch 13 never executed
branch 14 never executed
call   15 never executed
branch 16 never executed
branch 17 never executed
call   18 never executed
branch 19 never executed
branch 20 never executed
call   21 never executed
call   22 never executed
call   23 returned 100%
branch 24 taken 100%
branch 25 taken 0%
call   26 never executed
call   27 never executed
call   28 never executed
        -:   62:}
        -:   63:
function _ZN34Life_AbstractCell_GetPointer2_TestD0Ev called 1 returned 100% blocks executed 100%
function _ZN34Life_AbstractCell_GetPointer2_TestD2Ev called 1 returned 100% blocks executed 75%
function _ZN34Life_AbstractCell_GetPointer2_Test8TestBodyEv called 1 returned 100% blocks executed 41%
function _ZN34Life_AbstractCell_GetPointer2_TestC2Ev called 1 returned 100% blocks executed 100%
        5:   64:TEST(Life, AbstractCell_GetPointer2) {
call    0 returned 100%
call    1 returned 100%
call    2 returned 100%
call    3 returned 100%
call    4 returned 100%
call    5 returned 100%
call    6 returned 100%
branch  7 taken 0% (fallthrough)
branch  8 taken 100%
call    9 never executed
call   10 returned 100%
        1:   65:	FredkinCell f('*');
call    0 returned 100%
branch  1 taken 100% (fallthrough)
branch  2 taken 0% (throw)
        1:   66:	ASSERT_EQ(f.get_pointer(), &f);
call    0 returned 100%
branch  1 taken 100% (fallthrough)
branch  2 taken 0% (throw)
call    3 returned 100%
branch  4 taken 100% (fallthrough)
branch  5 taken 0% (throw)
call    6 returned 100%
branch  7 taken 0% (fallthrough)
branch  8 taken 100%
call    9 never executed
branch 10 never executed
branch 11 never executed
call   12 never executed
branch 13 never executed
branch 14 never executed
call   15 never executed
branch 16 never executed
branch 17 never executed
call   18 never executed
branch 19 never executed
branch 20 never executed
call   21 never executed
call   22 never executed
call   23 returned 100%
branch 24 taken 100%
branch 25 taken 0%
call   26 never executed
call   27 never executed
call   28 never executed
        -:   67:}
        -:   68:
        -:   69:// -----------
        -:   70:// ConwayCell Cell
        -:   71:// -----------
        -:   72:
function _ZN33Life_ConwayCell_Constructor1_TestD0Ev called 1 returned 100% blocks executed 100%
function _ZN33Life_ConwayCell_Constructor1_TestD2Ev called 1 returned 100% blocks executed 75%
function _ZN33Life_ConwayCell_Constructor1_Test8TestBodyEv called 1 returned 100% blocks executed 41%
function _ZN33Life_ConwayCell_Constructor1_TestC2Ev called 1 returned 100% blocks executed 100%
        5:   73:TEST(Life, ConwayCell_Constructor1) {
call    0 returned 100%
call    1 returned 100%
call    2 returned 100%
call    3 returned 100%
call    4 returned 100%
call    5 returned 100%
call    6 returned 100%
branch  7 taken 0% (fallthrough)
branch  8 taken 100%
call    9 never executed
call   10 returned 100%
        1:   74:	ConwayCell c('*');
call    0 returned 100%
branch  1 taken 100% (fallthrough)
branch  2 taken 0% (throw)
        1:   75:	ASSERT_EQ(c.get_state(), '*');
call    0 returned 100%
branch  1 taken 100% (fallthrough)
branch  2 taken 0% (throw)
call    3 returned 100%
branch  4 taken 100% (fallthrough)
branch  5 taken 0% (throw)
call    6 returned 100%
branch  7 taken 0% (fallthrough)
branch  8 taken 100%
call    9 never executed
branch 10 never executed
branch 11 never executed
call   12 never executed
branch 13 never executed
branch 14 never executed
call   15 never executed
branch 16 never executed
branch 17 never executed
call   18 never executed
branch 19 never executed
branch 20 never executed
call   21 never executed
call   22 never executed
call   23 returned 100%
branch 24 taken 100%
branch 25 taken 0%
call   26 never executed
call   27 never executed
call   28 never executed
        -:   76:}
        -:   77:
function _ZN33Life_ConwayCell_Constructor2_TestD0Ev called 1 returned 100% blocks executed 100%
function _ZN33Life_ConwayCell_Constructor2_TestD2Ev called 1 returned 100% blocks executed 75%
function _ZN33Life_ConwayCell_Constructor2_Test8TestBodyEv called 1 returned 100% blocks executed 41%
function _ZN33Life_ConwayCell_Constructor2_TestC2Ev called 1 returned 100% blocks executed 100%
        5:   78:TEST(Life, ConwayCell_Constructor2) {
call    0 returned 100%
call    1 returned 100%
call    2 returned 100%
call    3 returned 100%
call    4 returned 100%
call    5 returned 100%
call    6 returned 100%
branch  7 taken 0% (fallthrough)
branch  8 taken 100%
call    9 never executed
call   10 returned 100%
        1:   79:	ConwayCell c('.');
call    0 returned 100%
branch  1 taken 100% (fallthrough)
branch  2 taken 0% (throw)
        1:   80:	ASSERT_EQ(c.get_state(), '.');
call    0 returned 100%
branch  1 taken 100% (fallthrough)
branch  2 taken 0% (throw)
call    3 returned 100%
branch  4 taken 100% (fallthrough)
branch  5 taken 0% (throw)
call    6 returned 100%
branch  7 taken 0% (fallthrough)
branch  8 taken 100%
call    9 never executed
branch 10 never executed
branch 11 never executed
call   12 never executed
branch 13 never executed
branch 14 never executed
call   15 never executed
branch 16 never executed
branch 17 never executed
call   18 never executed
branch 19 never executed
branch 20 never executed
call   21 never executed
call   22 never executed
call   23 returned 100%
branch 24 taken 100%
branch 25 taken 0%
call   26 never executed
call   27 never executed
call   28 never executed
        -:   81:}
        -:   82:
function _ZN33Life_ConwayCell_Constructor3_TestD0Ev called 1 returned 100% blocks executed 100%
function _ZN33Life_ConwayCell_Constructor3_TestD2Ev called 1 returned 100% blocks executed 75%
function _ZN33Life_ConwayCell_Constructor3_Test8TestBodyEv called 1 returned 100% blocks executed 41%
function _ZN33Life_ConwayCell_Constructor3_TestC2Ev called 1 returned 100% blocks executed 100%
        5:   83:TEST(Life, ConwayCell_Constructor3) {
call    0 returned 100%
call    1 returned 100%
call    2 returned 100%
call    3 returned 100%
call    4 returned 100%
call    5 returned 100%
call    6 returned 100%
branch  7 taken 0% (fallthrough)
branch  8 taken 100%
call    9 never executed
call   10 returned 100%
        1:   84:	ConwayCell c('-');
call    0 returned 100%
branch  1 taken 100% (fallthrough)
branch  2 taken 0% (throw)
        1:   85:	ASSERT_EQ(c.get_state(), '.');
call    0 returned 100%
branch  1 taken 100% (fallthrough)
branch  2 taken 0% (throw)
call    3 returned 100%
branch  4 taken 100% (fallthrough)
branch  5 taken 0% (throw)
call    6 returned 100%
branch  7 taken 0% (fallthrough)
branch  8 taken 100%
call    9 never executed
branch 10 never executed
branch 11 never executed
call   12 never executed
branch 13 never executed
branch 14 never executed
call   15 never executed
branch 16 never executed
branch 17 never executed
call   18 never executed
branch 19 never executed
branch 20 never executed
call   21 never executed
call   22 never executed
call   23 returned 100%
branch 24 taken 100%
branch 25 taken 0%
call   26 never executed
call   27 never executed
call   28 never executed
        -:   86:}
        -:   87:
function _ZN33Life_ConwayCell_Constructor4_TestD0Ev called 1 returned 100% blocks executed 100%
function _ZN33Life_ConwayCell_Constructor4_TestD2Ev called 1 returned 100% blocks executed 75%
function _ZN33Life_ConwayCell_Constructor4_Test8TestBodyEv called 1 returned 100% blocks executed 41%
function _ZN33Life_ConwayCell_Constructor4_TestC2Ev called 1 returned 100% blocks executed 100%
        5:   88:TEST(Life, ConwayCell_Constructor4) {
call    0 returned 100%
call    1 returned 100%
call    2 returned 100%
call    3 returned 100%
call    4 returned 100%
call    5 returned 100%
call    6 returned 100%
branch  7 taken 0% (fallthrough)
branch  8 taken 100%
call    9 never executed
call   10 returned 100%
        1:   89:	ConwayCell c('5');
call    0 returned 100%
branch  1 taken 100% (fallthrough)
branch  2 taken 0% (throw)
        1:   90:	ASSERT_EQ(c.get_state(), '*');
call    0 returned 100%
branch  1 taken 100% (fallthrough)
branch  2 taken 0% (throw)
call    3 returned 100%
branch  4 taken 100% (fallthrough)
branch  5 taken 0% (throw)
call    6 returned 100%
branch  7 taken 0% (fallthrough)
branch  8 taken 100%
call    9 never executed
branch 10 never executed
branch 11 never executed
call   12 never executed
branch 13 never executed
branch 14 never executed
call   15 never executed
branch 16 never executed
branch 17 never executed
call   18 never executed
branch 19 never executed
branch 20 never executed
call   21 never executed
call   22 never executed
call   23 returned 100%
branch 24 taken 100%
branch 25 taken 0%
call   26 never executed
call   27 never executed
call   28 never executed
        -:   91:}
        -:   92:
        -:   93:// from alive to dead
function _ZN28Life_ConwayCell_Evolve1_TestD0Ev called 1 returned 100% blocks executed 100%
function _ZN28Life_ConwayCell_Evolve1_TestD2Ev called 1 returned 100% blocks executed 75%
function _ZN28Life_ConwayCell_Evolve1_Test8TestBodyEv called 1 returned 100% blocks executed 48%
function _ZN28Life_ConwayCell_Evolve1_TestC2Ev called 1 returned 100% blocks executed 100%
        5:   94:TEST(Life, ConwayCell_Evolve1) {
call    0 returned 100%
call    1 returned 100%
call    2 returned 100%
call    3 returned 100%
call    4 returned 100%
call    5 returned 100%
call    6 returned 100%
branch  7 taken 0% (fallthrough)
branch  8 taken 100%
call    9 never executed
call   10 returned 100%
        1:   95:	ConwayCell c('*');
call    0 returned 100%
branch  1 taken 100% (fallthrough)
branch  2 taken 0% (throw)
        3:   96:	AbstractCell* N[8] = {	new ConwayCell('*'),new ConwayCell('*'),new ConwayCell('*'),
call    0 returned 100%
branch  1 taken 100% (fallthrough)
branch  2 taken 0% (throw)
call    3 returned 100%
branch  4 taken 100% (fallthrough)
branch  5 taken 0% (throw)
call    6 returned 100%
branch  7 taken 100% (fallthrough)
branch  8 taken 0% (throw)
call    9 never executed
call   10 never executed
call   11 never executed
        2:   97:							new ConwayCell('*'),					new ConwayCell('*'),
call    0 returned 100%
branch  1 taken 100% (fallthrough)
branch  2 taken 0% (throw)
call    3 returned 100%
branch  4 taken 100% (fallthrough)
branch  5 taken 0% (throw)
call    6 never executed
call    7 never executed
        6:   98:							new ConwayCell('*'),new ConwayCell('*'),new ConwayCell('*')};
call    0 returned 100%
branch  1 taken 100% (fallthrough)
branch  2 taken 0% (throw)
call    3 returned 100%
branch  4 taken 100% (fallthrough)
branch  5 taken 0% (throw)
call    6 returned 100%
branch  7 taken 100% (fallthrough)
branch  8 taken 0% (throw)
call    9 returned 100%
branch 10 taken 100% (fallthrough)
branch 11 taken 0% (throw)
call   12 returned 100%
branch 13 taken 100% (fallthrough)
branch 14 taken 0% (throw)
call   15 returned 100%
branch 16 taken 100% (fallthrough)
branch 17 taken 0% (throw)
call   18 returned 100%
branch 19 taken 100% (fallthrough)
branch 20 taken 0% (throw)
call   21 returned 100%
branch 22 taken 100% (fallthrough)
branch 23 taken 0% (throw)
call   24 returned 100%
branch 25 taken 100% (fallthrough)
branch 26 taken 0% (throw)
call   27 returned 100%
branch 28 taken 100% (fallthrough)
branch 29 taken 0% (throw)
call   30 returned 100%
branch 31 taken 100% (fallthrough)
branch 32 taken 0% (throw)
call   33 never executed
call   34 never executed
call   35 never executed
        2:   99:	ASSERT_TRUE(c.evolve(N));
call    0 returned 100%
branch  1 taken 100% (fallthrough)
branch  2 taken 0% (throw)
call    3 returned 100%
branch  4 taken 100% (fallthrough)
branch  5 taken 0% (throw)
call    6 returned 100%
branch  7 taken 0% (fallthrough)
branch  8 taken 100%
call    9 never executed
branch 10 never executed
branch 11 never executed
call   12 never executed
branch 13 never executed
branch 14 never executed
call   15 never executed
call   16 never executed
branch 17 never executed
branch 18 never executed
call   19 never executed
branch 20 never executed
branch 21 never executed
call   22 never executed
call   23 never executed
call   24 never executed
call   25 returned 100%
branch 26 taken 100%
branch 27 taken 0%
call   28 never executed
call   29 never executed
call   30 never executed
call   31 never executed
        9:  100:	for(AbstractCell* pointer : N)
branch  0 taken 89%
branch  1 taken 11% (fallthrough)
        8:  101:		delete pointer;
call    0 returned 100%
        -:  102:}
        -:  103:
        -:  104:// remain dead
function _ZN28Life_ConwayCell_Evolve2_TestD0Ev called 1 returned 100% blocks executed 100%
function _ZN28Life_ConwayCell_Evolve2_TestD2Ev called 1 returned 100% blocks executed 75%
function _ZN28Life_ConwayCell_Evolve2_Test8TestBodyEv called 1 returned 100% blocks executed 48%
function _ZN28Life_ConwayCell_Evolve2_TestC2Ev called 1 returned 100% blocks executed 100%
        5:  105:TEST(Life, ConwayCell_Evolve2) {
call    0 returned 100%
call    1 returned 100%
call    2 returned 100%
call    3 returned 100%
call    4 returned 100%
call    5 returned 100%
call    6 returned 100%
branch  7 taken 0% (fallthrough)
branch  8 taken 100%
call    9 never executed
call   10 returned 100%
        1:  106:	ConwayCell c('.');
call    0 returned 100%
branch  1 taken 100% (fallthrough)
branch  2 taken 0% (throw)
        3:  107:	AbstractCell* N[8] = {	new ConwayCell('*'),new ConwayCell('*'),new ConwayCell('*'),
call    0 returned 100%
branch  1 taken 100% (fallthrough)
branch  2 taken 0% (throw)
call    3 returned 100%
branch  4 taken 100% (fallthrough)
branch  5 taken 0% (throw)
call    6 returned 100%
branch  7 taken 100% (fallthrough)
branch  8 taken 0% (throw)
call    9 never executed
call   10 never executed
call   11 never executed
        2:  108:							new ConwayCell('*'),					new ConwayCell('*'),
call    0 returned 100%
branch  1 taken 100% (fallthrough)
branch  2 taken 0% (throw)
call    3 returned 100%
branch  4 taken 100% (fallthrough)
branch  5 taken 0% (throw)
call    6 never executed
call    7 never executed
        6:  109:							new ConwayCell('*'),new ConwayCell('*'),new ConwayCell('*')};
call    0 returned 100%
branch  1 taken 100% (fallthrough)
branch  2 taken 0% (throw)
call    3 returned 100%
branch  4 taken 100% (fallthrough)
branch  5 taken 0% (throw)
call    6 returned 100%
branch  7 taken 100% (fallthrough)
branch  8 taken 0% (throw)
call    9 returned 100%
branch 10 taken 100% (fallthrough)
branch 11 taken 0% (throw)
call   12 returned 100%
branch 13 taken 100% (fallthrough)
branch 14 taken 0% (throw)
call   15 returned 100%
branch 16 taken 100% (fallthrough)
branch 17 taken 0% (throw)
call   18 returned 100%
branch 19 taken 100% (fallthrough)
branch 20 taken 0% (throw)
call   21 returned 100%
branch 22 taken 100% (fallthrough)
branch 23 taken 0% (throw)
call   24 returned 100%
branch 25 taken 100% (fallthrough)
branch 26 taken 0% (throw)
call   27 returned 100%
branch 28 taken 100% (fallthrough)
branch 29 taken 0% (throw)
call   30 returned 100%
branch 31 taken 100% (fallthrough)
branch 32 taken 0% (throw)
call   33 never executed
call   34 never executed
call   35 never executed
        2:  110:	ASSERT_FALSE(c.evolve(N));
call    0 returned 100%
branch  1 taken 100% (fallthrough)
branch  2 taken 0% (throw)
call    3 returned 100%
branch  4 taken 100% (fallthrough)
branch  5 taken 0% (throw)
call    6 returned 100%
branch  7 taken 0% (fallthrough)
branch  8 taken 100%
call    9 never executed
branch 10 never executed
branch 11 never executed
call   12 never executed
branch 13 never executed
branch 14 never executed
call   15 never executed
call   16 never executed
branch 17 never executed
branch 18 never executed
call   19 never executed
branch 20 never executed
branch 21 never executed
call   22 never executed
call   23 never executed
call   24 never executed
call   25 returned 100%
branch 26 taken 100%
branch 27 taken 0%
call   28 never executed
call   29 never executed
call   30 never executed
call   31 never executed
        9:  111:	for(AbstractCell* pointer : N)
branch  0 taken 89%
branch  1 taken 11% (fallthrough)
        8:  112:		delete pointer;
call    0 returned 100%
        -:  113:}
        -:  114:
        -:  115:// from dead to alive
function _ZN28Life_ConwayCell_Evolve3_TestD0Ev called 1 returned 100% blocks executed 100%
function _ZN28Life_ConwayCell_Evolve3_TestD2Ev called 1 returned 100% blocks executed 75%
function _ZN28Life_ConwayCell_Evolve3_Test8TestBodyEv called 1 returned 100% blocks executed 48%
function _ZN28Life_ConwayCell_Evolve3_TestC2Ev called 1 returned 100% blocks executed 100%
        5:  116:TEST(Life, ConwayCell_Evolve3) {
call    0 returned 100%
call    1 returned 100%
call    2 returned 100%
call    3 returned 100%
call    4 returned 100%
call    5 returned 100%
call    6 returned 100%
branch  7 taken 0% (fallthrough)
branch  8 taken 100%
call    9 never executed
call   10 returned 100%
        1:  117:	ConwayCell c('.');
call    0 returned 100%
branch  1 taken 100% (fallthrough)
branch  2 taken 0% (throw)
        3:  118:	AbstractCell* N[8] = {	new ConwayCell('*'),new ConwayCell('*'),new ConwayCell('*'),
call    0 returned 100%
branch  1 taken 100% (fallthrough)
branch  2 taken 0% (throw)
call    3 returned 100%
branch  4 taken 100% (fallthrough)
branch  5 taken 0% (throw)
call    6 returned 100%
branch  7 taken 100% (fallthrough)
branch  8 taken 0% (throw)
call    9 never executed
call   10 never executed
call   11 never executed
        2:  119:							new ConwayCell('.'),					new ConwayCell('.'),
call    0 returned 100%
branch  1 taken 100% (fallthrough)
branch  2 taken 0% (throw)
call    3 returned 100%
branch  4 taken 100% (fallthrough)
branch  5 taken 0% (throw)
call    6 never executed
call    7 never executed
        6:  120:							new ConwayCell('.'),new ConwayCell('.'),new ConwayCell('.')};
call    0 returned 100%
branch  1 taken 100% (fallthrough)
branch  2 taken 0% (throw)
call    3 returned 100%
branch  4 taken 100% (fallthrough)
branch  5 taken 0% (throw)
call    6 returned 100%
branch  7 taken 100% (fallthrough)
branch  8 taken 0% (throw)
call    9 returned 100%
branch 10 taken 100% (fallthrough)
branch 11 taken 0% (throw)
call   12 returned 100%
branch 13 taken 100% (fallthrough)
branch 14 taken 0% (throw)
call   15 returned 100%
branch 16 taken 100% (fallthrough)
branch 17 taken 0% (throw)
call   18 returned 100%
branch 19 taken 100% (fallthrough)
branch 20 taken 0% (throw)
call   21 returned 100%
branch 22 taken 100% (fallthrough)
branch 23 taken 0% (throw)
call   24 returned 100%
branch 25 taken 100% (fallthrough)
branch 26 taken 0% (throw)
call   27 returned 100%
branch 28 taken 100% (fallthrough)
branch 29 taken 0% (throw)
call   30 returned 100%
branch 31 taken 100% (fallthrough)
branch 32 taken 0% (throw)
call   33 never executed
call   34 never executed
call   35 never executed
        2:  121:	ASSERT_TRUE(c.evolve(N));
call    0 returned 100%
branch  1 taken 100% (fallthrough)
branch  2 taken 0% (throw)
call    3 returned 100%
branch  4 taken 100% (fallthrough)
branch  5 taken 0% (throw)
call    6 returned 100%
branch  7 taken 0% (fallthrough)
branch  8 taken 100%
call    9 never executed
branch 10 never executed
branch 11 never executed
call   12 never executed
branch 13 never executed
branch 14 never executed
call   15 never executed
call   16 never executed
branch 17 never executed
branch 18 never executed
call   19 never executed
branch 20 never executed
branch 21 never executed
call   22 never executed
call   23 never executed
call   24 never executed
call   25 returned 100%
branch 26 taken 100%
branch 27 taken 0%
call   28 never executed
call   29 never executed
call   30 never executed
call   31 never executed
        9:  122:	for(AbstractCell* pointer : N)
branch  0 taken 89%
branch  1 taken 11% (fallthrough)
        8:  123:		delete pointer;
call    0 returned 100%
        -:  124:}
        -:  125:
        -:  126:// remain alive
function _ZN28Life_ConwayCell_Evolve4_TestD0Ev called 1 returned 100% blocks executed 100%
function _ZN28Life_ConwayCell_Evolve4_TestD2Ev called 1 returned 100% blocks executed 75%
function _ZN28Life_ConwayCell_Evolve4_Test8TestBodyEv called 1 returned 100% blocks executed 48%
function _ZN28Life_ConwayCell_Evolve4_TestC2Ev called 1 returned 100% blocks executed 100%
        5:  127:TEST(Life, ConwayCell_Evolve4) {
call    0 returned 100%
call    1 returned 100%
call    2 returned 100%
call    3 returned 100%
call    4 returned 100%
call    5 returned 100%
call    6 returned 100%
branch  7 taken 0% (fallthrough)
branch  8 taken 100%
call    9 never executed
call   10 returned 100%
        1:  128:	ConwayCell c('*');
call    0 returned 100%
branch  1 taken 100% (fallthrough)
branch  2 taken 0% (throw)
        3:  129:	AbstractCell* N[8] = {	new ConwayCell('*'),new ConwayCell('*'),new ConwayCell('*'),
call    0 returned 100%
branch  1 taken 100% (fallthrough)
branch  2 taken 0% (throw)
call    3 returned 100%
branch  4 taken 100% (fallthrough)
branch  5 taken 0% (throw)
call    6 returned 100%
branch  7 taken 100% (fallthrough)
branch  8 taken 0% (throw)
call    9 never executed
call   10 never executed
call   11 never executed
        2:  130:							new ConwayCell('.'),					new ConwayCell('.'),
call    0 returned 100%
branch  1 taken 100% (fallthrough)
branch  2 taken 0% (throw)
call    3 returned 100%
branch  4 taken 100% (fallthrough)
branch  5 taken 0% (throw)
call    6 never executed
call    7 never executed
        6:  131:							new ConwayCell('.'),new ConwayCell('.'),new ConwayCell('.')};
call    0 returned 100%
branch  1 taken 100% (fallthrough)
branch  2 taken 0% (throw)
call    3 returned 100%
branch  4 taken 100% (fallthrough)
branch  5 taken 0% (throw)
call    6 returned 100%
branch  7 taken 100% (fallthrough)
branch  8 taken 0% (throw)
call    9 returned 100%
branch 10 taken 100% (fallthrough)
branch 11 taken 0% (throw)
call   12 returned 100%
branch 13 taken 100% (fallthrough)
branch 14 taken 0% (throw)
call   15 returned 100%
branch 16 taken 100% (fallthrough)
branch 17 taken 0% (throw)
call   18 returned 100%
branch 19 taken 100% (fallthrough)
branch 20 taken 0% (throw)
call   21 returned 100%
branch 22 taken 100% (fallthrough)
branch 23 taken 0% (throw)
call   24 returned 100%
branch 25 taken 100% (fallthrough)
branch 26 taken 0% (throw)
call   27 returned 100%
branch 28 taken 100% (fallthrough)
branch 29 taken 0% (throw)
call   30 returned 100%
branch 31 taken 100% (fallthrough)
branch 32 taken 0% (throw)
call   33 never executed
call   34 never executed
call   35 never executed
        2:  132:	ASSERT_FALSE(c.evolve(N));
call    0 returned 100%
branch  1 taken 100% (fallthrough)
branch  2 taken 0% (throw)
call    3 returned 100%
branch  4 taken 100% (fallthrough)
branch  5 taken 0% (throw)
call    6 returned 100%
branch  7 taken 0% (fallthrough)
branch  8 taken 100%
call    9 never executed
branch 10 never executed
branch 11 never executed
call   12 never executed
branch 13 never executed
branch 14 never executed
call   15 never executed
call   16 never executed
branch 17 never executed
branch 18 never executed
call   19 never executed
branch 20 never executed
branch 21 never executed
call   22 never executed
call   23 never executed
call   24 never executed
call   25 returned 100%
branch 26 taken 100%
branch 27 taken 0%
call   28 never executed
call   29 never executed
call   30 never executed
call   31 never executed
        9:  133:	for(AbstractCell* pointer : N)
branch  0 taken 89%
branch  1 taken 11% (fallthrough)
        8:  134:		delete pointer;
call    0 returned 100%
        -:  135:}
        -:  136:
function _ZN30Life_ConwayCell_GetState1_TestD0Ev called 1 returned 100% blocks executed 100%
function _ZN30Life_ConwayCell_GetState1_TestD2Ev called 1 returned 100% blocks executed 75%
function _ZN30Life_ConwayCell_GetState1_Test8TestBodyEv called 1 returned 100% blocks executed 41%
function _ZN30Life_ConwayCell_GetState1_TestC2Ev called 1 returned 100% blocks executed 100%
        5:  137:TEST(Life, ConwayCell_GetState1) {
call    0 returned 100%
call    1 returned 100%
call    2 returned 100%
call    3 returned 100%
call    4 returned 100%
call    5 returned 100%
call    6 returned 100%
branch  7 taken 0% (fallthrough)
branch  8 taken 100%
call    9 never executed
call   10 returned 100%
        1:  138:	ConwayCell c('.');
call    0 returned 100%
branch  1 taken 100% (fallthrough)
branch  2 taken 0% (throw)
        1:  139:	ASSERT_EQ(c.get_state(), '.');
call    0 returned 100%
branch  1 taken 100% (fallthrough)
branch  2 taken 0% (throw)
call    3 returned 100%
branch  4 taken 100% (fallthrough)
branch  5 taken 0% (throw)
call    6 returned 100%
branch  7 taken 0% (fallthrough)
branch  8 taken 100%
call    9 never executed
branch 10 never executed
branch 11 never executed
call   12 never executed
branch 13 never executed
branch 14 never executed
call   15 never executed
branch 16 never executed
branch 17 never executed
call   18 never executed
branch 19 never executed
branch 20 never executed
call   21 never executed
call   22 never executed
call   23 returned 100%
branch 24 taken 100%
branch 25 taken 0%
call   26 never executed
call   27 never executed
call   28 never executed
        -:  140:}
        -:  141:
function _ZN30Life_ConwayCell_GetState2_TestD0Ev called 1 returned 100% blocks executed 100%
function _ZN30Life_ConwayCell_GetState2_TestD2Ev called 1 returned 100% blocks executed 75%
function _ZN30Life_ConwayCell_GetState2_Test8TestBodyEv called 1 returned 100% blocks executed 41%
function _ZN30Life_ConwayCell_GetState2_TestC2Ev called 1 returned 100% blocks executed 100%
        5:  142:TEST(Life, ConwayCell_GetState2) {
call    0 returned 100%
call    1 returned 100%
call    2 returned 100%
call    3 returned 100%
call    4 returned 100%
call    5 returned 100%
call    6 returned 100%
branch  7 taken 0% (fallthrough)
branch  8 taken 100%
call    9 never executed
call   10 returned 100%
        1:  143:	ConwayCell c('*');
call    0 returned 100%
branch  1 taken 100% (fallthrough)
branch  2 taken 0% (throw)
        1:  144:	ASSERT_EQ(c.get_state(), '*');
call    0 returned 100%
branch  1 taken 100% (fallthrough)
branch  2 taken 0% (throw)
call    3 returned 100%
branch  4 taken 100% (fallthrough)
branch  5 taken 0% (throw)
call    6 returned 100%
branch  7 taken 0% (fallthrough)
branch  8 taken 100%
call    9 never executed
branch 10 never executed
branch 11 never executed
call   12 never executed
branch 13 never executed
branch 14 never executed
call   15 never executed
branch 16 never executed
branch 17 never executed
call   18 never executed
branch 19 never executed
branch 20 never executed
call   21 never executed
call   22 never executed
call   23 returned 100%
branch 24 taken 100%
branch 25 taken 0%
call   26 never executed
call   27 never executed
call   28 never executed
        -:  145:}
        -:  146:
function _ZN30Life_ConwayCell_GetState3_TestD0Ev called 1 returned 100% blocks executed 100%
function _ZN30Life_ConwayCell_GetState3_TestD2Ev called 1 returned 100% blocks executed 75%
function _ZN30Life_ConwayCell_GetState3_Test8TestBodyEv called 1 returned 100% blocks executed 43%
function _ZN30Life_ConwayCell_GetState3_TestC2Ev called 1 returned 100% blocks executed 100%
        5:  147:TEST(Life, ConwayCell_GetState3) {
call    0 returned 100%
call    1 returned 100%
call    2 returned 100%
call    3 returned 100%
call    4 returned 100%
call    5 returned 100%
call    6 returned 100%
branch  7 taken 0% (fallthrough)
branch  8 taken 100%
call    9 never executed
call   10 returned 100%
        1:  148:	ConwayCell c('*');
call    0 returned 100%
branch  1 taken 100% (fallthrough)
branch  2 taken 0% (throw)
        1:  149:	c.shift_state();
call    0 returned 100%
branch  1 taken 100% (fallthrough)
branch  2 taken 0% (throw)
        1:  150:	ASSERT_EQ(c.get_state(), '.');
call    0 returned 100%
branch  1 taken 100% (fallthrough)
branch  2 taken 0% (throw)
call    3 returned 100%
branch  4 taken 100% (fallthrough)
branch  5 taken 0% (throw)
call    6 returned 100%
branch  7 taken 0% (fallthrough)
branch  8 taken 100%
call    9 never executed
branch 10 never executed
branch 11 never executed
call   12 never executed
branch 13 never executed
branch 14 never executed
call   15 never executed
branch 16 never executed
branch 17 never executed
call   18 never executed
branch 19 never executed
branch 20 never executed
call   21 never executed
call   22 never executed
call   23 returned 100%
branch 24 taken 100%
branch 25 taken 0%
call   26 never executed
call   27 never executed
call   28 never executed
        -:  151:}
        -:  152:
        -:  153:// ------------
        -:  154:// FredkinCell Cell
        -:  155:// ------------
        -:  156:
function _ZN34Life_FredkinCell_Constructor1_TestD0Ev called 1 returned 100% blocks executed 100%
function _ZN34Life_FredkinCell_Constructor1_TestD2Ev called 1 returned 100% blocks executed 75%
function _ZN34Life_FredkinCell_Constructor1_Test8TestBodyEv called 1 returned 100% blocks executed 41%
function _ZN34Life_FredkinCell_Constructor1_TestC2Ev called 1 returned 100% blocks executed 100%
        5:  157:TEST(Life, FredkinCell_Constructor1) {
call    0 returned 100%
call    1 returned 100%
call    2 returned 100%
call    3 returned 100%
call    4 returned 100%
call    5 returned 100%
call    6 returned 100%
branch  7 taken 0% (fallthrough)
branch  8 taken 100%
call    9 never executed
call   10 returned 100%
        1:  158:	FredkinCell f('0');
call    0 returned 100%
branch  1 taken 100% (fallthrough)
branch  2 taken 0% (throw)
        1:  159:	ASSERT_EQ(f.get_state(), '0');
call    0 returned 100%
branch  1 taken 100% (fallthrough)
branch  2 taken 0% (throw)
call    3 returned 100%
branch  4 taken 100% (fallthrough)
branch  5 taken 0% (throw)
call    6 returned 100%
branch  7 taken 0% (fallthrough)
branch  8 taken 100%
call    9 never executed
branch 10 never executed
branch 11 never executed
call   12 never executed
branch 13 never executed
branch 14 never executed
call   15 never executed
branch 16 never executed
branch 17 never executed
call   18 never executed
branch 19 never executed
branch 20 never executed
call   21 never executed
call   22 never executed
call   23 returned 100%
branch 24 taken 100%
branch 25 taken 0%
call   26 never executed
call   27 never executed
call   28 never executed
        -:  160:}
        -:  161:
function _ZN34Life_FredkinCell_Constructor2_TestD0Ev called 1 returned 100% blocks executed 100%
function _ZN34Life_FredkinCell_Constructor2_TestD2Ev called 1 returned 100% blocks executed 75%
function _ZN34Life_FredkinCell_Constructor2_Test8TestBodyEv called 1 returned 100% blocks executed 41%
function _ZN34Life_FredkinCell_Constructor2_TestC2Ev called 1 returned 100% blocks executed 100%
        5:  162:TEST(Life, FredkinCell_Constructor2) {
call    0 returned 100%
call    1 returned 100%
call    2 returned 100%
call    3 returned 100%
call    4 returned 100%
call    5 returned 100%
call    6 returned 100%
branch  7 taken 0% (fallthrough)
branch  8 taken 100%
call    9 never executed
call   10 returned 100%
        1:  163:	FredkinCell f('-');
call    0 returned 100%
branch  1 taken 100% (fallthrough)
branch  2 taken 0% (throw)
        1:  164:	ASSERT_EQ(f.get_state(), '-');
call    0 returned 100%
branch  1 taken 100% (fallthrough)
branch  2 taken 0% (throw)
call    3 returned 100%
branch  4 taken 100% (fallthrough)
branch  5 taken 0% (throw)
call    6 returned 100%
branch  7 taken 0% (fallthrough)
branch  8 taken 100%
call    9 never executed
branch 10 never executed
branch 11 never executed
call   12 never executed
branch 13 never executed
branch 14 never executed
call   15 never executed
branch 16 never executed
branch 17 never executed
call   18 never executed
branch 19 never executed
branch 20 never executed
call   21 never executed
call   22 never executed
call   23 returned 100%
branch 24 taken 100%
branch 25 taken 0%
call   26 never executed
call   27 never executed
call   28 never executed
        -:  165:}
        -:  166:
function _ZN34Life_FredkinCell_Constructor3_TestD0Ev called 1 returned 100% blocks executed 100%
function _ZN34Life_FredkinCell_Constructor3_TestD2Ev called 1 returned 100% blocks executed 75%
function _ZN34Life_FredkinCell_Constructor3_Test8TestBodyEv called 1 returned 100% blocks executed 39%
function _ZN34Life_FredkinCell_Constructor3_TestC2Ev called 1 returned 100% blocks executed 100%
        5:  167:TEST(Life, FredkinCell_Constructor3) {
call    0 returned 100%
call    1 returned 100%
call    2 returned 100%
call    3 returned 100%
call    4 returned 100%
call    5 returned 100%
call    6 returned 100%
branch  7 taken 0% (fallthrough)
branch  8 taken 100%
call    9 never executed
call   10 returned 100%
        1:  168:	FredkinCell f('9');
call    0 returned 100%
branch  1 taken 100% (fallthrough)
branch  2 taken 0% (throw)
        1:  169:	AbstractCell* N[8] = {	NULL, 			 	 new FredkinCell('1'), NULL,
call    0 returned 100%
branch  1 taken 100% (fallthrough)
branch  2 taken 0% (throw)
call    3 never executed
        2:  170:							new FredkinCell('-'), 				  	   new FredkinCell('1'),
call    0 returned 100%
branch  1 taken 100% (fallthrough)
branch  2 taken 0% (throw)
call    3 returned 100%
branch  4 taken 100% (fallthrough)
branch  5 taken 0% (throw)
call    6 never executed
call    7 never executed
        4:  171:							NULL,			 	 new FredkinCell('1'), NULL};
call    0 returned 100%
branch  1 taken 100% (fallthrough)
branch  2 taken 0% (throw)
call    3 returned 100%
branch  4 taken 100% (fallthrough)
branch  5 taken 0% (throw)
call    6 returned 100%
branch  7 taken 100% (fallthrough)
branch  8 taken 0% (throw)
call    9 returned 100%
branch 10 taken 100% (fallthrough)
branch 11 taken 0% (throw)
call   12 returned 100%
branch 13 taken 100% (fallthrough)
branch 14 taken 0% (throw)
call   15 never executed
        1:  172:	ASSERT_FALSE(f.evolve(N));
call    0 returned 100%
branch  1 taken 100% (fallthrough)
branch  2 taken 0% (throw)
call    3 returned 100%
branch  4 taken 100% (fallthrough)
branch  5 taken 0% (throw)
call    6 returned 100%
branch  7 taken 0% (fallthrough)
branch  8 taken 100%
call    9 never executed
branch 10 never executed
branch 11 never executed
call   12 never executed
branch 13 never executed
branch 14 never executed
call   15 never executed
call   16 never executed
branch 17 never executed
branch 18 never executed
call   19 never executed
branch 20 never executed
branch 21 never executed
call   22 never executed
call   23 never executed
call   24 never executed
call   25 returned 100%
branch 26 taken 100%
branch 27 taken 0%
call   28 never executed
call   29 never executed
call   30 never executed
call   31 never executed
        1:  173:	ASSERT_FALSE(f.evolve(N));
call    0 returned 100%
branch  1 taken 100% (fallthrough)
branch  2 taken 0% (throw)
call    3 returned 100%
branch  4 taken 100% (fallthrough)
branch  5 taken 0% (throw)
call    6 returned 100%
branch  7 taken 0% (fallthrough)
branch  8 taken 100%
call    9 never executed
branch 10 never executed
branch 11 never executed
call   12 never executed
branch 13 never executed
branch 14 never executed
call   15 never executed
call   16 never executed
branch 17 never executed
branch 18 never executed
call   19 never executed
branch 20 never executed
branch 21 never executed
call   22 never executed
call   23 never executed
call   24 never executed
call   25 returned 100%
branch 26 taken 100%
branch 27 taken 0%
call   28 never executed
call   29 never executed
call   30 never executed
call   31 never executed
        9:  174:	for(AbstractCell* pointer : N)
branch  0 taken 89%
branch  1 taken 11% (fallthrough)
        8:  175:		if(pointer)
branch  0 taken 50% (fallthrough)
branch  1 taken 50%
        4:  176:			delete pointer;
call    0 returned 100%
        1:  177:	ASSERT_EQ(f.get_state(), '+');
call    0 returned 100%
branch  1 taken 100% (fallthrough)
branch  2 taken 0% (throw)
call    3 returned 100%
branch  4 taken 100% (fallthrough)
branch  5 taken 0% (throw)
call    6 returned 100%
branch  7 taken 0% (fallthrough)
branch  8 taken 100%
call    9 never executed
branch 10 never executed
branch 11 never executed
call   12 never executed
branch 13 never executed
branch 14 never executed
call   15 never executed
branch 16 never executed
branch 17 never executed
call   18 never executed
branch 19 never executed
branch 20 never executed
call   21 never executed
call   22 never executed
call   23 returned 100%
branch 24 taken 100%
branch 25 taken 0%
call   26 never executed
call   27 never executed
call   28 never executed
        -:  178:}
        -:  179:
        -:  180:// from alive to dead
function _ZN29Life_FredkinCell_Evolve1_TestD0Ev called 1 returned 100% blocks executed 100%
function _ZN29Life_FredkinCell_Evolve1_TestD2Ev called 1 returned 100% blocks executed 75%
function _ZN29Life_FredkinCell_Evolve1_Test8TestBodyEv called 1 returned 100% blocks executed 48%
function _ZN29Life_FredkinCell_Evolve1_TestC2Ev called 1 returned 100% blocks executed 100%
        5:  181:TEST(Life, FredkinCell_Evolve1) {
call    0 returned 100%
call    1 returned 100%
call    2 returned 100%
call    3 returned 100%
call    4 returned 100%
call    5 returned 100%
call    6 returned 100%
branch  7 taken 0% (fallthrough)
branch  8 taken 100%
call    9 never executed
call   10 returned 100%
        1:  182:	FredkinCell f('0');
call    0 returned 100%
branch  1 taken 100% (fallthrough)
branch  2 taken 0% (throw)
        1:  183:	AbstractCell* N[8] = {	NULL, 			 	 new FredkinCell('1'), NULL,
call    0 returned 100%
branch  1 taken 100% (fallthrough)
branch  2 taken 0% (throw)
call    3 never executed
        2:  184:							new FredkinCell('1'), 				  	   new FredkinCell('1'),
call    0 returned 100%
branch  1 taken 100% (fallthrough)
branch  2 taken 0% (throw)
call    3 returned 100%
branch  4 taken 100% (fallthrough)
branch  5 taken 0% (throw)
call    6 never executed
call    7 never executed
        4:  185:							NULL,			 	 new FredkinCell('1'), NULL};
call    0 returned 100%
branch  1 taken 100% (fallthrough)
branch  2 taken 0% (throw)
call    3 returned 100%
branch  4 taken 100% (fallthrough)
branch  5 taken 0% (throw)
call    6 returned 100%
branch  7 taken 100% (fallthrough)
branch  8 taken 0% (throw)
call    9 returned 100%
branch 10 taken 100% (fallthrough)
branch 11 taken 0% (throw)
call   12 returned 100%
branch 13 taken 100% (fallthrough)
branch 14 taken 0% (throw)
call   15 never executed
        2:  186:	ASSERT_TRUE(f.evolve(N));
call    0 returned 100%
branch  1 taken 100% (fallthrough)
branch  2 taken 0% (throw)
call    3 returned 100%
branch  4 taken 100% (fallthrough)
branch  5 taken 0% (throw)
call    6 returned 100%
branch  7 taken 0% (fallthrough)
branch  8 taken 100%
call    9 never executed
branch 10 never executed
branch 11 never executed
call   12 never executed
branch 13 never executed
branch 14 never executed
call   15 never executed
call   16 never executed
branch 17 never executed
branch 18 never executed
call   19 never executed
branch 20 never executed
branch 21 never executed
call   22 never executed
call   23 never executed
call   24 never executed
call   25 returned 100%
branch 26 taken 100%
branch 27 taken 0%
call   28 never executed
call   29 never executed
call   30 never executed
call   31 never executed
        9:  187:	for(AbstractCell* pointer : N)
branch  0 taken 89%
branch  1 taken 11% (fallthrough)
        8:  188:		if(pointer)
branch  0 taken 50% (fallthrough)
branch  1 taken 50%
        4:  189:			delete pointer;
call    0 returned 100%
        -:  190:}
        -:  191:
        -:  192:// remain alive
function _ZN29Life_FredkinCell_Evolve2_TestD0Ev called 1 returned 100% blocks executed 100%
function _ZN29Life_FredkinCell_Evolve2_TestD2Ev called 1 returned 100% blocks executed 75%
function _ZN29Life_FredkinCell_Evolve2_Test8TestBodyEv called 1 returned 100% blocks executed 48%
function _ZN29Life_FredkinCell_Evolve2_TestC2Ev called 1 returned 100% blocks executed 100%
        5:  193:TEST(Life, FredkinCell_Evolve2) {
call    0 returned 100%
call    1 returned 100%
call    2 returned 100%
call    3 returned 100%
call    4 returned 100%
call    5 returned 100%
call    6 returned 100%
branch  7 taken 0% (fallthrough)
branch  8 taken 100%
call    9 never executed
call   10 returned 100%
        1:  194:	FredkinCell f('0');
call    0 returned 100%
branch  1 taken 100% (fallthrough)
branch  2 taken 0% (throw)
        1:  195:	AbstractCell* N[8] = {	NULL, 			 	 new FredkinCell('1'), NULL,
call    0 returned 100%
branch  1 taken 100% (fallthrough)
branch  2 taken 0% (throw)
call    3 never executed
        2:  196:							new FredkinCell('-'), 				  	   new FredkinCell('1'),
call    0 returned 100%
branch  1 taken 100% (fallthrough)
branch  2 taken 0% (throw)
call    3 returned 100%
branch  4 taken 100% (fallthrough)
branch  5 taken 0% (throw)
call    6 never executed
call    7 never executed
        4:  197:							NULL,			 	 new FredkinCell('1'), NULL};
call    0 returned 100%
branch  1 taken 100% (fallthrough)
branch  2 taken 0% (throw)
call    3 returned 100%
branch  4 taken 100% (fallthrough)
branch  5 taken 0% (throw)
call    6 returned 100%
branch  7 taken 100% (fallthrough)
branch  8 taken 0% (throw)
call    9 returned 100%
branch 10 taken 100% (fallthrough)
branch 11 taken 0% (throw)
call   12 returned 100%
branch 13 taken 100% (fallthrough)
branch 14 taken 0% (throw)
call   15 never executed
        2:  198:	ASSERT_FALSE(f.evolve(N));
call    0 returned 100%
branch  1 taken 100% (fallthrough)
branch  2 taken 0% (throw)
call    3 returned 100%
branch  4 taken 100% (fallthrough)
branch  5 taken 0% (throw)
call    6 returned 100%
branch  7 taken 0% (fallthrough)
branch  8 taken 100%
call    9 never executed
branch 10 never executed
branch 11 never executed
call   12 never executed
branch 13 never executed
branch 14 never executed
call   15 never executed
call   16 never executed
branch 17 never executed
branch 18 never executed
call   19 never executed
branch 20 never executed
branch 21 never executed
call   22 never executed
call   23 never executed
call   24 never executed
call   25 returned 100%
branch 26 taken 100%
branch 27 taken 0%
call   28 never executed
call   29 never executed
call   30 never executed
call   31 never executed
        9:  199:	for(AbstractCell* pointer : N)
branch  0 taken 89%
branch  1 taken 11% (fallthrough)
        8:  200:		if(pointer)
branch  0 taken 50% (fallthrough)
branch  1 taken 50%
        4:  201:			delete pointer;
call    0 returned 100%
        -:  202:}
        -:  203:
        -:  204:// from dead to alive
function _ZN29Life_FredkinCell_Evolve3_TestD0Ev called 1 returned 100% blocks executed 100%
function _ZN29Life_FredkinCell_Evolve3_TestD2Ev called 1 returned 100% blocks executed 75%
function _ZN29Life_FredkinCell_Evolve3_Test8TestBodyEv called 1 returned 100% blocks executed 48%
function _ZN29Life_FredkinCell_Evolve3_TestC2Ev called 1 returned 100% blocks executed 100%
        5:  205:TEST(Life, FredkinCell_Evolve3) {
call    0 returned 100%
call    1 returned 100%
call    2 returned 100%
call    3 returned 100%
call    4 returned 100%
call    5 returned 100%
call    6 returned 100%
branch  7 taken 0% (fallthrough)
branch  8 taken 100%
call    9 never executed
call   10 returned 100%
        1:  206:	FredkinCell f('-');
call    0 returned 100%
branch  1 taken 100% (fallthrough)
branch  2 taken 0% (throw)
        1:  207:	AbstractCell* N[8] = {	NULL, 			 	 new FredkinCell('1'), NULL,
call    0 returned 100%
branch  1 taken 100% (fallthrough)
branch  2 taken 0% (throw)
call    3 never executed
        2:  208:							new FredkinCell('-'), 				  	   new FredkinCell('1'),
call    0 returned 100%
branch  1 taken 100% (fallthrough)
branch  2 taken 0% (throw)
call    3 returned 100%
branch  4 taken 100% (fallthrough)
branch  5 taken 0% (throw)
call    6 never executed
call    7 never executed
        4:  209:							NULL,			 	 new FredkinCell('1'), NULL};
call    0 returned 100%
branch  1 taken 100% (fallthrough)
branch  2 taken 0% (throw)
call    3 returned 100%
branch  4 taken 100% (fallthrough)
branch  5 taken 0% (throw)
call    6 returned 100%
branch  7 taken 100% (fallthrough)
branch  8 taken 0% (throw)
call    9 returned 100%
branch 10 taken 100% (fallthrough)
branch 11 taken 0% (throw)
call   12 returned 100%
branch 13 taken 100% (fallthrough)
branch 14 taken 0% (throw)
call   15 never executed
        2:  210:	ASSERT_TRUE(f.evolve(N));
call    0 returned 100%
branch  1 taken 100% (fallthrough)
branch  2 taken 0% (throw)
call    3 returned 100%
branch  4 taken 100% (fallthrough)
branch  5 taken 0% (throw)
call    6 returned 100%
branch  7 taken 0% (fallthrough)
branch  8 taken 100%
call    9 never executed
branch 10 never executed
branch 11 never executed
call   12 never executed
branch 13 never executed
branch 14 never executed
call   15 never executed
call   16 never executed
branch 17 never executed
branch 18 never executed
call   19 never executed
branch 20 never executed
branch 21 never executed
call   22 never executed
call   23 never executed
call   24 never executed
call   25 returned 100%
branch 26 taken 100%
branch 27 taken 0%
call   28 never executed
call   29 never executed
call   30 never executed
call   31 never executed
        9:  211:	for(AbstractCell* pointer : N)
branch  0 taken 89%
branch  1 taken 11% (fallthrough)
        8:  212:		if(pointer)
branch  0 taken 50% (fallthrough)
branch  1 taken 50%
        4:  213:			delete pointer;
call    0 returned 100%
        -:  214:}
        -:  215:
        -:  216:// remain dead
function _ZN29Life_FredkinCell_Evolve4_TestD0Ev called 1 returned 100% blocks executed 100%
function _ZN29Life_FredkinCell_Evolve4_TestD2Ev called 1 returned 100% blocks executed 75%
function _ZN29Life_FredkinCell_Evolve4_Test8TestBodyEv called 1 returned 100% blocks executed 48%
function _ZN29Life_FredkinCell_Evolve4_TestC2Ev called 1 returned 100% blocks executed 100%
        5:  217:TEST(Life, FredkinCell_Evolve4) {
call    0 returned 100%
call    1 returned 100%
call    2 returned 100%
call    3 returned 100%
call    4 returned 100%
call    5 returned 100%
call    6 returned 100%
branch  7 taken 0% (fallthrough)
branch  8 taken 100%
call    9 never executed
call   10 returned 100%
        1:  218:	FredkinCell f('-');
call    0 returned 100%
branch  1 taken 100% (fallthrough)
branch  2 taken 0% (throw)
        1:  219:	AbstractCell* N[8] = {	NULL, 			 	 new FredkinCell('1'), NULL,
call    0 returned 100%
branch  1 taken 100% (fallthrough)
branch  2 taken 0% (throw)
call    3 never executed
        2:  220:							new FredkinCell('1'), 				  	   new FredkinCell('1'),
call    0 returned 100%
branch  1 taken 100% (fallthrough)
branch  2 taken 0% (throw)
call    3 returned 100%
branch  4 taken 100% (fallthrough)
branch  5 taken 0% (throw)
call    6 never executed
call    7 never executed
        4:  221:							NULL,			 	 new FredkinCell('1'), NULL};
call    0 returned 100%
branch  1 taken 100% (fallthrough)
branch  2 taken 0% (throw)
call    3 returned 100%
branch  4 taken 100% (fallthrough)
branch  5 taken 0% (throw)
call    6 returned 100%
branch  7 taken 100% (fallthrough)
branch  8 taken 0% (throw)
call    9 returned 100%
branch 10 taken 100% (fallthrough)
branch 11 taken 0% (throw)
call   12 returned 100%
branch 13 taken 100% (fallthrough)
branch 14 taken 0% (throw)
call   15 never executed
        2:  222:	ASSERT_FALSE(f.evolve(N));
call    0 returned 100%
branch  1 taken 100% (fallthrough)
branch  2 taken 0% (throw)
call    3 returned 100%
branch  4 taken 100% (fallthrough)
branch  5 taken 0% (throw)
call    6 returned 100%
branch  7 taken 0% (fallthrough)
branch  8 taken 100%
call    9 never executed
branch 10 never executed
branch 11 never executed
call   12 never executed
branch 13 never executed
branch 14 never executed
call   15 never executed
call   16 never executed
branch 17 never executed
branch 18 never executed
call   19 never executed
branch 20 never executed
branch 21 never executed
call   22 never executed
call   23 never executed
call   24 never executed
call   25 returned 100%
branch 26 taken 100%
branch 27 taken 0%
call   28 never executed
call   29 never executed
call   30 never executed
call   31 never executed
        9:  223:	for(AbstractCell* pointer : N)
branch  0 taken 89%
branch  1 taken 11% (fallthrough)
        8:  224:		if(pointer)
branch  0 taken 50% (fallthrough)
branch  1 taken 50%
        4:  225:			delete pointer;
call    0 returned 100%
        -:  226:}
        -:  227:
function _ZN31Life_FredkinCell_GetState1_TestD0Ev called 1 returned 100% blocks executed 100%
function _ZN31Life_FredkinCell_GetState1_TestD2Ev called 1 returned 100% blocks executed 75%
function _ZN31Life_FredkinCell_GetState1_Test8TestBodyEv called 1 returned 100% blocks executed 41%
function _ZN31Life_FredkinCell_GetState1_TestC2Ev called 1 returned 100% blocks executed 100%
        5:  228:TEST(Life, FredkinCell_GetState1) {
call    0 returned 100%
call    1 returned 100%
call    2 returned 100%
call    3 returned 100%
call    4 returned 100%
call    5 returned 100%
call    6 returned 100%
branch  7 taken 0% (fallthrough)
branch  8 taken 100%
call    9 never executed
call   10 returned 100%
        1:  229:	FredkinCell f('0');
call    0 returned 100%
branch  1 taken 100% (fallthrough)
branch  2 taken 0% (throw)
        1:  230:	ASSERT_EQ(f.get_state(), '0');
call    0 returned 100%
branch  1 taken 100% (fallthrough)
branch  2 taken 0% (throw)
call    3 returned 100%
branch  4 taken 100% (fallthrough)
branch  5 taken 0% (throw)
call    6 returned 100%
branch  7 taken 0% (fallthrough)
branch  8 taken 100%
call    9 never executed
branch 10 never executed
branch 11 never executed
call   12 never executed
branch 13 never executed
branch 14 never executed
call   15 never executed
branch 16 never executed
branch 17 never executed
call   18 never executed
branch 19 never executed
branch 20 never executed
call   21 never executed
call   22 never executed
call   23 returned 100%
branch 24 taken 100%
branch 25 taken 0%
call   26 never executed
call   27 never executed
call   28 never executed
        -:  231:}
        -:  232:
function _ZN31Life_FredkinCell_GetState2_TestD0Ev called 1 returned 100% blocks executed 100%
function _ZN31Life_FredkinCell_GetState2_TestD2Ev called 1 returned 100% blocks executed 75%
function _ZN31Life_FredkinCell_GetState2_Test8TestBodyEv called 1 returned 100% blocks executed 41%
function _ZN31Life_FredkinCell_GetState2_TestC2Ev called 1 returned 100% blocks executed 100%
        5:  233:TEST(Life, FredkinCell_GetState2) {
call    0 returned 100%
call    1 returned 100%
call    2 returned 100%
call    3 returned 100%
call    4 returned 100%
call    5 returned 100%
call    6 returned 100%
branch  7 taken 0% (fallthrough)
branch  8 taken 100%
call    9 never executed
call   10 returned 100%
        1:  234:	FredkinCell f('-');
call    0 returned 100%
branch  1 taken 100% (fallthrough)
branch  2 taken 0% (throw)
        1:  235:	ASSERT_EQ(f.get_state(), '-');
call    0 returned 100%
branch  1 taken 100% (fallthrough)
branch  2 taken 0% (throw)
call    3 returned 100%
branch  4 taken 100% (fallthrough)
branch  5 taken 0% (throw)
call    6 returned 100%
branch  7 taken 0% (fallthrough)
branch  8 taken 100%
call    9 never executed
branch 10 never executed
branch 11 never executed
call   12 never executed
branch 13 never executed
branch 14 never executed
call   15 never executed
branch 16 never executed
branch 17 never executed
call   18 never executed
branch 19 never executed
branch 20 never executed
call   21 never executed
call   22 never executed
call   23 returned 100%
branch 24 taken 100%
branch 25 taken 0%
call   26 never executed
call   27 never executed
call   28 never executed
        -:  236:}
        -:  237:
function _ZN31Life_FredkinCell_GetState3_TestD0Ev called 1 returned 100% blocks executed 100%
function _ZN31Life_FredkinCell_GetState3_TestD2Ev called 1 returned 100% blocks executed 75%
function _ZN31Life_FredkinCell_GetState3_Test8TestBodyEv called 1 returned 100% blocks executed 43%
function _ZN31Life_FredkinCell_GetState3_TestC2Ev called 1 returned 100% blocks executed 100%
        5:  238:TEST(Life, FredkinCell_GetState3) {
call    0 returned 100%
call    1 returned 100%
call    2 returned 100%
call    3 returned 100%
call    4 returned 100%
call    5 returned 100%
call    6 returned 100%
branch  7 taken 0% (fallthrough)
branch  8 taken 100%
call    9 never executed
call   10 returned 100%
        1:  239:	FredkinCell f('-');
call    0 returned 100%
branch  1 taken 100% (fallthrough)
branch  2 taken 0% (throw)
        1:  240:	f.shift_state();
call    0 returned 100%
branch  1 taken 100% (fallthrough)
branch  2 taken 0% (throw)
        1:  241:	ASSERT_EQ(f.get_state(), '0');
call    0 returned 100%
branch  1 taken 100% (fallthrough)
branch  2 taken 0% (throw)
call    3 returned 100%
branch  4 taken 100% (fallthrough)
branch  5 taken 0% (throw)
call    6 returned 100%
branch  7 taken 0% (fallthrough)
branch  8 taken 100%
call    9 never executed
branch 10 never executed
branch 11 never executed
call   12 never executed
branch 13 never executed
branch 14 never executed
call   15 never executed
branch 16 never executed
branch 17 never executed
call   18 never executed
branch 19 never executed
branch 20 never executed
call   21 never executed
call   22 never executed
call   23 returned 100%
branch 24 taken 100%
branch 25 taken 0%
call   26 never executed
call   27 never executed
call   28 never executed
        -:  242:}
        -:  243:
        -:  244:// ----
        -:  245:// Cell
        -:  246:// ----
        -:  247:
function _ZN31Life_Cell_CharConstructor1_TestD0Ev called 1 returned 100% blocks executed 100%
function _ZN31Life_Cell_CharConstructor1_TestD2Ev called 1 returned 100% blocks executed 75%
function _ZN31Life_Cell_CharConstructor1_Test8TestBodyEv called 1 returned 100% blocks executed 41%
function _ZN31Life_Cell_CharConstructor1_TestC2Ev called 1 returned 100% blocks executed 100%
        5:  248:TEST(Life, Cell_CharConstructor1) {
call    0 returned 100%
call    1 returned 100%
call    2 returned 100%
call    3 returned 100%
call    4 returned 100%
call    5 returned 100%
call    6 returned 100%
branch  7 taken 0% (fallthrough)
branch  8 taken 100%
call    9 never executed
call   10 returned 100%
        1:  249:	Cell c('*');
call    0 returned 100%
branch  1 taken 100% (fallthrough)
branch  2 taken 0% (throw)
        1:  250:	ASSERT_EQ(c.get_state(), '*');
call    0 returned 100%
branch  1 taken 100% (fallthrough)
branch  2 taken 0% (throw)
call    3 returned 100%
branch  4 taken 100% (fallthrough)
branch  5 taken 0% (throw)
call    6 returned 100%
branch  7 taken 0% (fallthrough)
branch  8 taken 100%
call    9 never executed
branch 10 never executed
branch 11 never executed
call   12 never executed
branch 13 never executed
branch 14 never executed
call   15 never executed
branch 16 never executed
branch 17 never executed
call   18 never executed
branch 19 never executed
branch 20 never executed
call   21 never executed
call   22 never executed
call   23 returned 100%
branch 24 taken 100%
branch 25 taken 0%
call   26 never executed
call   27 never executed
call   28 never executed
        1:  251:	ASSERT_TRUE(dynamic_cast<ConwayCell*>(c.get_pointer()));
call    0 returned 100%
branch  1 taken 100% (fallthrough)
branch  2 taken 0% (throw)
branch  3 taken 100% (fallthrough)
branch  4 taken 0%
call    5 returned 100%
branch  6 taken 100% (fallthrough)
branch  7 taken 0%
call    8 returned 100%
branch  9 taken 100% (fallthrough)
branch 10 taken 0% (throw)
call   11 returned 100%
branch 12 taken 0% (fallthrough)
branch 13 taken 100%
call   14 never executed
branch 15 never executed
branch 16 never executed
call   17 never executed
branch 18 never executed
branch 19 never executed
call   20 never executed
call   21 never executed
branch 22 never executed
branch 23 never executed
call   24 never executed
branch 25 never executed
branch 26 never executed
call   27 never executed
call   28 never executed
call   29 never executed
call   30 returned 100%
branch 31 taken 100%
branch 32 taken 0%
call   33 returned 100%
branch 34 taken 100%
branch 35 taken 0%
call   36 never executed
call   37 never executed
call   38 never executed
call   39 never executed
call   40 never executed
        -:  252:}
        -:  253:
function _ZN31Life_Cell_CharConstructor2_TestD0Ev called 1 returned 100% blocks executed 100%
function _ZN31Life_Cell_CharConstructor2_TestD2Ev called 1 returned 100% blocks executed 75%
function _ZN31Life_Cell_CharConstructor2_Test8TestBodyEv called 1 returned 100% blocks executed 41%
function _ZN31Life_Cell_CharConstructor2_TestC2Ev called 1 returned 100% blocks executed 100%
        5:  254:TEST(Life, Cell_CharConstructor2) {
call    0 returned 100%
call    1 returned 100%
call    2 returned 100%
call    3 returned 100%
call    4 returned 100%
call    5 returned 100%
call    6 returned 100%
branch  7 taken 0% (fallthrough)
branch  8 taken 100%
call    9 never executed
call   10 returned 100%
        1:  255:	Cell c('.');
call    0 returned 100%
branch  1 taken 100% (fallthrough)
branch  2 taken 0% (throw)
        1:  256:	ASSERT_EQ(c.get_state(), '.');
call    0 returned 100%
branch  1 taken 100% (fallthrough)
branch  2 taken 0% (throw)
call    3 returned 100%
branch  4 taken 100% (fallthrough)
branch  5 taken 0% (throw)
call    6 returned 100%
branch  7 taken 0% (fallthrough)
branch  8 taken 100%
call    9 never executed
branch 10 never executed
branch 11 never executed
call   12 never executed
branch 13 never executed
branch 14 never executed
call   15 never executed
branch 16 never executed
branch 17 never executed
call   18 never executed
branch 19 never executed
branch 20 never executed
call   21 never executed
call   22 never executed
call   23 returned 100%
branch 24 taken 100%
branch 25 taken 0%
call   26 never executed
call   27 never executed
call   28 never executed
        1:  257:	ASSERT_TRUE(dynamic_cast<ConwayCell*>(c.get_pointer()));
call    0 returned 100%
branch  1 taken 100% (fallthrough)
branch  2 taken 0% (throw)
branch  3 taken 100% (fallthrough)
branch  4 taken 0%
call    5 returned 100%
branch  6 taken 100% (fallthrough)
branch  7 taken 0%
call    8 returned 100%
branch  9 taken 100% (fallthrough)
branch 10 taken 0% (throw)
call   11 returned 100%
branch 12 taken 0% (fallthrough)
branch 13 taken 100%
call   14 never executed
branch 15 never executed
branch 16 never executed
call   17 never executed
branch 18 never executed
branch 19 never executed
call   20 never executed
call   21 never executed
branch 22 never executed
branch 23 never executed
call   24 never executed
branch 25 never executed
branch 26 never executed
call   27 never executed
call   28 never executed
call   29 never executed
call   30 returned 100%
branch 31 taken 100%
branch 32 taken 0%
call   33 returned 100%
branch 34 taken 100%
branch 35 taken 0%
call   36 never executed
call   37 never executed
call   38 never executed
call   39 never executed
call   40 never executed
        -:  258:}
        -:  259:
function _ZN31Life_Cell_CharConstructor3_TestD0Ev called 1 returned 100% blocks executed 100%
function _ZN31Life_Cell_CharConstructor3_TestD2Ev called 1 returned 100% blocks executed 75%
function _ZN31Life_Cell_CharConstructor3_Test8TestBodyEv called 1 returned 100% blocks executed 41%
function _ZN31Life_Cell_CharConstructor3_TestC2Ev called 1 returned 100% blocks executed 100%
        5:  260:TEST(Life, Cell_CharConstructor3) {
call    0 returned 100%
call    1 returned 100%
call    2 returned 100%
call    3 returned 100%
call    4 returned 100%
call    5 returned 100%
call    6 returned 100%
branch  7 taken 0% (fallthrough)
branch  8 taken 100%
call    9 never executed
call   10 returned 100%
        1:  261:	Cell c('0');
call    0 returned 100%
branch  1 taken 100% (fallthrough)
branch  2 taken 0% (throw)
        1:  262:	ASSERT_EQ(c.get_state(), '0');
call    0 returned 100%
branch  1 taken 100% (fallthrough)
branch  2 taken 0% (throw)
call    3 returned 100%
branch  4 taken 100% (fallthrough)
branch  5 taken 0% (throw)
call    6 returned 100%
branch  7 taken 0% (fallthrough)
branch  8 taken 100%
call    9 never executed
branch 10 never executed
branch 11 never executed
call   12 never executed
branch 13 never executed
branch 14 never executed
call   15 never executed
branch 16 never executed
branch 17 never executed
call   18 never executed
branch 19 never executed
branch 20 never executed
call   21 never executed
call   22 never executed
call   23 returned 100%
branch 24 taken 100%
branch 25 taken 0%
call   26 never executed
call   27 never executed
call   28 never executed
        1:  263:	ASSERT_TRUE(dynamic_cast<FredkinCell*>(c.get_pointer()));
call    0 returned 100%
branch  1 taken 100% (fallthrough)
branch  2 taken 0% (throw)
branch  3 taken 100% (fallthrough)
branch  4 taken 0%
call    5 returned 100%
branch  6 taken 100% (fallthrough)
branch  7 taken 0%
call    8 returned 100%
branch  9 taken 100% (fallthrough)
branch 10 taken 0% (throw)
call   11 returned 100%
branch 12 taken 0% (fallthrough)
branch 13 taken 100%
call   14 never executed
branch 15 never executed
branch 16 never executed
call   17 never executed
branch 18 never executed
branch 19 never executed
call   20 never executed
call   21 never executed
branch 22 never executed
branch 23 never executed
call   24 never executed
branch 25 never executed
branch 26 never executed
call   27 never executed
call   28 never executed
call   29 never executed
call   30 returned 100%
branch 31 taken 100%
branch 32 taken 0%
call   33 returned 100%
branch 34 taken 100%
branch 35 taken 0%
call   36 never executed
call   37 never executed
call   38 never executed
call   39 never executed
call   40 never executed
        -:  264:}
        -:  265:
function _ZN31Life_Cell_CharConstructor4_TestD0Ev called 1 returned 100% blocks executed 100%
function _ZN31Life_Cell_CharConstructor4_TestD2Ev called 1 returned 100% blocks executed 75%
function _ZN31Life_Cell_CharConstructor4_Test8TestBodyEv called 1 returned 100% blocks executed 41%
function _ZN31Life_Cell_CharConstructor4_TestC2Ev called 1 returned 100% blocks executed 100%
        5:  266:TEST(Life, Cell_CharConstructor4) {
call    0 returned 100%
call    1 returned 100%
call    2 returned 100%
call    3 returned 100%
call    4 returned 100%
call    5 returned 100%
call    6 returned 100%
branch  7 taken 0% (fallthrough)
branch  8 taken 100%
call    9 never executed
call   10 returned 100%
        1:  267:	Cell c('-');
call    0 returned 100%
branch  1 taken 100% (fallthrough)
branch  2 taken 0% (throw)
        1:  268:	ASSERT_EQ(c.get_state(), '-');
call    0 returned 100%
branch  1 taken 100% (fallthrough)
branch  2 taken 0% (throw)
call    3 returned 100%
branch  4 taken 100% (fallthrough)
branch  5 taken 0% (throw)
call    6 returned 100%
branch  7 taken 0% (fallthrough)
branch  8 taken 100%
call    9 never executed
branch 10 never executed
branch 11 never executed
call   12 never executed
branch 13 never executed
branch 14 never executed
call   15 never executed
branch 16 never executed
branch 17 never executed
call   18 never executed
branch 19 never executed
branch 20 never executed
call   21 never executed
call   22 never executed
call   23 returned 100%
branch 24 taken 100%
branch 25 taken 0%
call   26 never executed
call   27 never executed
call   28 never executed
        1:  269:	ASSERT_TRUE(dynamic_cast<FredkinCell*>(c.get_pointer()));
[...]
branch 28 taken 0%
call   29 never executed
call   30 never executed
call   31 never executed
        1:  428:	Cell c2(c1);
call    0 returned 100%
branch  1 taken 100% (fallthrough)
branch  2 taken 0% (throw)
        1:  429:	ASSERT_EQ(c2.get_pointer()->get_state(), '*');
call    0 returned 100%
branch  1 taken 100% (fallthrough)
branch  2 taken 0% (throw)
call    3 returned 100%
branch  4 taken 100% (fallthrough)
branch  5 taken 0% (throw)
call    6 returned 100%
branch  7 taken 100% (fallthrough)
branch  8 taken 0% (throw)
call    9 returned 100%
branch 10 taken 0% (fallthrough)
branch 11 taken 100%
call   12 never executed
branch 13 never executed
branch 14 never executed
call   15 never executed
branch 16 never executed
branch 17 never executed
call   18 never executed
branch 19 never executed
branch 20 never executed
call   21 never executed
branch 22 never executed
branch 23 never executed
call   24 never executed
call   25 never executed
call   26 returned 100%
branch 27 taken 100%
branch 28 taken 0%
call   29 never executed
call   30 never executed
call   31 never executed
        1:  430:	ASSERT_NE(c2.get_pointer(), c1.get_pointer());
call    0 returned 100%
branch  1 taken 100% (fallthrough)
branch  2 taken 0% (throw)
call    3 returned 100%
branch  4 taken 100% (fallthrough)
branch  5 taken 0% (throw)
call    6 returned 100%
branch  7 taken 100% (fallthrough)
branch  8 taken 0% (throw)
call    9 returned 100%
branch 10 taken 0% (fallthrough)
branch 11 taken 100%
call   12 never executed
branch 13 never executed
branch 14 never executed
call   15 never executed
branch 16 never executed
branch 17 never executed
call   18 never executed
branch 19 never executed
branch 20 never executed
call   21 never executed
branch 22 never executed
branch 23 never executed
call   24 never executed
call   25 never executed
call   26 returned 100%
branch 27 taken 100%
branch 28 taken 0%
call   29 returned 100%
branch 30 taken 100%
branch 31 taken 0%
call   32 returned 100%
branch 33 taken 100%
branch 34 taken 0%
call   35 never executed
call   36 never executed
call   37 never executed
call   38 never executed
call   39 never executed
        -:  431:}
        -:  432:
        -:  433:// ----
        -:  434:// Life
        -:  435:// ----
        -:  436:
function _ZN27Life_Life_Constructor1_TestD0Ev called 1 returned 100% blocks executed 100%
function _ZN27Life_Life_Constructor1_TestD2Ev called 1 returned 100% blocks executed 75%
function _ZN27Life_Life_Constructor1_Test8TestBodyEv called 1 returned 100% blocks executed 53%
function _ZN27Life_Life_Constructor1_TestC2Ev called 1 returned 100% blocks executed 100%
        5:  437:TEST(Life, Life_Constructor1) {
call    0 returned 100%
call    1 returned 100%
call    2 returned 100%
call    3 returned 100%
call    4 returned 100%
call    5 returned 100%
call    6 returned 100%
branch  7 taken 0% (fallthrough)
branch  8 taken 100%
call    9 never executed
call   10 returned 100%
        1:  438:	stringstream in("ConwayCell\n4\n4\n....\n.**.\n.**.\n....");
call    0 returned 100%
call    1 returned 100%
call    2 returned 100%
branch  3 taken 100% (fallthrough)
branch  4 taken 0% (throw)
call    5 returned 100%
branch  6 taken 100% (fallthrough)
branch  7 taken 0% (throw)
call    8 returned 100%
call    9 returned 100%
call   10 never executed
call   11 never executed
        2:  439:	Life<ConwayCell> l(in);
call    0 returned 100%
branch  1 taken 100% (fallthrough)
branch  2 taken 0% (throw)
call    3 returned 100%
branch  4 taken 100%
branch  5 taken 0%
call    6 never executed
        2:  440:	stringstream out;
call    0 returned 100%
call    1 returned 100%
branch  2 taken 100% (fallthrough)
branch  3 taken 0% (throw)
call    4 returned 100%
branch  5 taken 100%
branch  6 taken 0%
call    7 never executed
        1:  441:	l.print_grid(0, out);
call    0 returned 100%
branch  1 taken 100% (fallthrough)
branch  2 taken 0% (throw)
        2:  442:	ASSERT_EQ("Generation = 0, Population = 4.\n....\n.**.\n.**.\n....\n\n", out.str());
call    0 returned 100%
branch  1 taken 100% (fallthrough)
branch  2 taken 0% (throw)
call    3 returned 100%
branch  4 taken 100% (fallthrough)
branch  5 taken 0% (throw)
call    6 returned 100%
call    7 returned 100%
branch  8 taken 0% (fallthrough)
branch  9 taken 100%
call   10 never executed
branch 11 never executed
branch 12 never executed
call   13 never executed
branch 14 never executed
branch 15 never executed
call   16 never executed
branch 17 never executed
branch 18 never executed
call   19 never executed
branch 20 never executed
branch 21 never executed
call   22 never executed
call   23 never executed
call   24 returned 100%
branch 25 taken 100%
branch 26 taken 0%
call   27 returned 100%
branch 28 taken 100%
branch 29 taken 0%
call   30 never executed
call   31 never executed
call   32 never executed
call   33 never executed
call   34 never executed
        -:  443:}
        -:  444:
function _ZN27Life_Life_Constructor2_TestD0Ev called 1 returned 100% blocks executed 100%
function _ZN27Life_Life_Constructor2_TestD2Ev called 1 returned 100% blocks executed 75%
function _ZN27Life_Life_Constructor2_Test8TestBodyEv called 1 returned 100% blocks executed 53%
function _ZN27Life_Life_Constructor2_TestC2Ev called 1 returned 100% blocks executed 100%
        5:  445:TEST(Life, Life_Constructor2) {
call    0 returned 100%
call    1 returned 100%
call    2 returned 100%
call    3 returned 100%
call    4 returned 100%
call    5 returned 100%
call    6 returned 100%
branch  7 taken 0% (fallthrough)
branch  8 taken 100%
call    9 never executed
call   10 returned 100%
        1:  446:	stringstream in("FredkinCell\n4\n4\n----\n-00-\n-00-\n----");
call    0 returned 100%
call    1 returned 100%
call    2 returned 100%
branch  3 taken 100% (fallthrough)
branch  4 taken 0% (throw)
call    5 returned 100%
branch  6 taken 100% (fallthrough)
branch  7 taken 0% (throw)
call    8 returned 100%
call    9 returned 100%
call   10 never executed
call   11 never executed
        2:  447:	Life<FredkinCell> l(in);
call    0 returned 100%
branch  1 taken 100% (fallthrough)
branch  2 taken 0% (throw)
call    3 returned 100%
branch  4 taken 100%
branch  5 taken 0%
call    6 never executed
        2:  448:	stringstream out;
call    0 returned 100%
call    1 returned 100%
branch  2 taken 100% (fallthrough)
branch  3 taken 0% (throw)
call    4 returned 100%
branch  5 taken 100%
branch  6 taken 0%
call    7 never executed
        1:  449:	l.print_grid(0, out);
call    0 returned 100%
branch  1 taken 100% (fallthrough)
branch  2 taken 0% (throw)
        2:  450:	ASSERT_EQ("Generation = 0, Population = 4.\n----\n-00-\n-00-\n----\n\n", out.str());
call    0 returned 100%
branch  1 taken 100% (fallthrough)
branch  2 taken 0% (throw)
call    3 returned 100%
branch  4 taken 100% (fallthrough)
branch  5 taken 0% (throw)
call    6 returned 100%
call    7 returned 100%
branch  8 taken 0% (fallthrough)
branch  9 taken 100%
call   10 never executed
branch 11 never executed
branch 12 never executed
call   13 never executed
branch 14 never executed
branch 15 never executed
call   16 never executed
branch 17 never executed
branch 18 never executed
call   19 never executed
branch 20 never executed
branch 21 never executed
call   22 never executed
call   23 never executed
call   24 returned 100%
branch 25 taken 100%
branch 26 taken 0%
call   27 returned 100%
branch 28 taken 100%
branch 29 taken 0%
call   30 never executed
call   31 never executed
call   32 never executed
call   33 never executed
call   34 never executed
        -:  451:}
        -:  452:
function _ZN27Life_Life_Constructor3_TestD0Ev called 1 returned 100% blocks executed 100%
function _ZN27Life_Life_Constructor3_TestD2Ev called 1 returned 100% blocks executed 75%
function _ZN27Life_Life_Constructor3_Test8TestBodyEv called 1 returned 100% blocks executed 53%
function _ZN27Life_Life_Constructor3_TestC2Ev called 1 returned 100% blocks executed 100%
        5:  453:TEST(Life, Life_Constructor3) {
call    0 returned 100%
call    1 returned 100%
call    2 returned 100%
call    3 returned 100%
call    4 returned 100%
call    5 returned 100%
call    6 returned 100%
branch  7 taken 0% (fallthrough)
branch  8 taken 100%
call    9 never executed
call   10 returned 100%
        1:  454:	stringstream in("Cell\n4\n4\n....\n-**-\n-00-\n----");
call    0 returned 100%
call    1 returned 100%
call    2 returned 100%
branch  3 taken 100% (fallthrough)
branch  4 taken 0% (throw)
call    5 returned 100%
branch  6 taken 100% (fallthrough)
branch  7 taken 0% (throw)
call    8 returned 100%
call    9 returned 100%
call   10 never executed
call   11 never executed
        2:  455:	Life<Cell> l(in);
call    0 returned 100%
branch  1 taken 100% (fallthrough)
branch  2 taken 0% (throw)
call    3 returned 100%
branch  4 taken 100%
branch  5 taken 0%
call    6 never executed
        2:  456:	stringstream out;
call    0 returned 100%
call    1 returned 100%
branch  2 taken 100% (fallthrough)
branch  3 taken 0% (throw)
call    4 returned 100%
branch  5 taken 100%
branch  6 taken 0%
call    7 never executed
        1:  457:	l.print_grid(0, out);
call    0 returned 100%
branch  1 taken 100% (fallthrough)
branch  2 taken 0% (throw)
        2:  458:	ASSERT_EQ("Generation = 0, Population = 4.\n....\n-**-\n-00-\n----\n\n", out.str());
call    0 returned 100%
branch  1 taken 100% (fallthrough)
branch  2 taken 0% (throw)
call    3 returned 100%
branch  4 taken 100% (fallthrough)
branch  5 taken 0% (throw)
call    6 returned 100%
call    7 returned 100%
branch  8 taken 0% (fallthrough)
branch  9 taken 100%
call   10 never executed
branch 11 never executed
branch 12 never executed
call   13 never executed
branch 14 never executed
branch 15 never executed
call   16 never executed
branch 17 never executed
branch 18 never executed
call   19 never executed
branch 20 never executed
branch 21 never executed
call   22 never executed
call   23 never executed
call   24 returned 100%
branch 25 taken 100%
branch 26 taken 0%
call   27 returned 100%
branch 28 taken 100%
branch 29 taken 0%
call   30 never executed
call   31 never executed
call   32 never executed
call   33 never executed
call   34 never executed
        -:  459:}
        -:  460:
function _ZN22Life_Life_RunEvo1_TestD0Ev called 1 returned 100% blocks executed 100%
function _ZN22Life_Life_RunEvo1_TestD2Ev called 1 returned 100% blocks executed 75%
function _ZN22Life_Life_RunEvo1_Test8TestBodyEv called 1 returned 100% blocks executed 53%
function _ZN22Life_Life_RunEvo1_TestC2Ev called 1 returned 100% blocks executed 100%
        5:  461:TEST(Life, Life_RunEvo1) {
call    0 returned 100%
call    1 returned 100%
call    2 returned 100%
call    3 returned 100%
call    4 returned 100%
call    5 returned 100%
call    6 returned 100%
branch  7 taken 0% (fallthrough)
branch  8 taken 100%
call    9 never executed
call   10 returned 100%
        1:  462:	stringstream in("ConwayCell\n5\n5\n.....\n..*..\n..*..\n..*..\n.....");
call    0 returned 100%
call    1 returned 100%
call    2 returned 100%
branch  3 taken 100% (fallthrough)
branch  4 taken 0% (throw)
call    5 returned 100%
branch  6 taken 100% (fallthrough)
branch  7 taken 0% (throw)
call    8 returned 100%
call    9 returned 100%
call   10 never executed
call   11 never executed
        2:  463:	Life<ConwayCell> l(in);
call    0 returned 100%
branch  1 taken 100% (fallthrough)
branch  2 taken 0% (throw)
call    3 returned 100%
branch  4 taken 100%
branch  5 taken 0%
call    6 never executed
        2:  464:	stringstream out;
call    0 returned 100%
call    1 returned 100%
branch  2 taken 100% (fallthrough)
branch  3 taken 0% (throw)
call    4 returned 100%
branch  5 taken 100%
branch  6 taken 0%
call    7 never executed
        1:  465:	l.print_grid(1, out);// test run_evolution within print_grid
call    0 returned 100%
branch  1 taken 100% (fallthrough)
branch  2 taken 0% (throw)
        2:  466:	ASSERT_EQ("Generation = 1, Population = 3.\n.....\n.....\n.***.\n.....\n.....\n\n", out.str());
call    0 returned 100%
branch  1 taken 100% (fallthrough)
branch  2 taken 0% (throw)
call    3 returned 100%
branch  4 taken 100% (fallthrough)
branch  5 taken 0% (throw)
call    6 returned 100%
call    7 returned 100%
branch  8 taken 0% (fallthrough)
branch  9 taken 100%
call   10 never executed
branch 11 never executed
branch 12 never executed
call   13 never executed
branch 14 never executed
branch 15 never executed
call   16 never executed
branch 17 never executed
branch 18 never executed
call   19 never executed
branch 20 never executed
branch 21 never executed
call   22 never executed
call   23 never executed
call   24 returned 100%
branch 25 taken 100%
branch 26 taken 0%
call   27 returned 100%
branch 28 taken 100%
branch 29 taken 0%
call   30 never executed
call   31 never executed
call   32 never executed
call   33 never executed
call   34 never executed
        -:  467:}
        -:  468:
function _ZN22Life_Life_RunEvo2_TestD0Ev called 1 returned 100% blocks executed 100%
function _ZN22Life_Life_RunEvo2_TestD2Ev called 1 returned 100% blocks executed 75%
function _ZN22Life_Life_RunEvo2_Test8TestBodyEv called 1 returned 100% blocks executed 53%
function _ZN22Life_Life_RunEvo2_TestC2Ev called 1 returned 100% blocks executed 100%
        5:  469:TEST(Life, Life_RunEvo2) {
call    0 returned 100%
call    1 returned 100%
call    2 returned 100%
call    3 returned 100%
call    4 returned 100%
call    5 returned 100%
call    6 returned 100%
branch  7 taken 0% (fallthrough)
branch  8 taken 100%
call    9 never executed
call   10 returned 100%
        1:  470:	stringstream in("FredkinCell\n5\n5\n-----\n--00-\n-0-0-\n-00--\n-----");
call    0 returned 100%
call    1 returned 100%
call    2 returned 100%
branch  3 taken 100% (fallthrough)
branch  4 taken 0% (throw)
call    5 returned 100%
branch  6 taken 100% (fallthrough)
branch  7 taken 0% (throw)
call    8 returned 100%
call    9 returned 100%
call   10 never executed
call   11 never executed
        2:  471:	Life<FredkinCell> l(in);
call    0 returned 100%
branch  1 taken 100% (fallthrough)
branch  2 taken 0% (throw)
call    3 returned 100%
branch  4 taken 100%
branch  5 taken 0%
call    6 never executed
        2:  472:	stringstream out;
call    0 returned 100%
call    1 returned 100%
branch  2 taken 100% (fallthrough)
branch  3 taken 0% (throw)
call    4 returned 100%
branch  5 taken 100%
branch  6 taken 0%
call    7 never executed
        1:  473:	l.print_grid(1, out);// test run_evolution within print_grid
call    0 returned 100%
branch  1 taken 100% (fallthrough)
branch  2 taken 0% (throw)
        2:  474:	ASSERT_EQ("Generation = 1, Population = 12.\n--00-\n--1-0\n01-10\n0-1--\n-00--\n\n", out.str());
call    0 returned 100%
branch  1 taken 100% (fallthrough)
branch  2 taken 0% (throw)
call    3 returned 100%
branch  4 taken 100% (fallthrough)
branch  5 taken 0% (throw)
call    6 returned 100%
call    7 returned 100%
branch  8 taken 0% (fallthrough)
branch  9 taken 100%
call   10 never executed
branch 11 never executed
branch 12 never executed
call   13 never executed
branch 14 never executed
branch 15 never executed
call   16 never executed
branch 17 never executed
branch 18 never executed
call   19 never executed
branch 20 never executed
branch 21 never executed
call   22 never executed
call   23 never executed
call   24 returned 100%
branch 25 taken 100%
branch 26 taken 0%
call   27 returned 100%
branch 28 taken 100%
branch 29 taken 0%
call   30 never executed
call   31 never executed
call   32 never executed
call   33 never executed
call   34 never executed
        -:  475:}
        -:  476:
function _ZN22Life_Life_RunEvo3_TestD0Ev called 1 returned 100% blocks executed 100%
function _ZN22Life_Life_RunEvo3_TestD2Ev called 1 returned 100% blocks executed 75%
function _ZN22Life_Life_RunEvo3_Test8TestBodyEv called 1 returned 100% blocks executed 50%
function _ZN22Life_Life_RunEvo3_TestC2Ev called 1 returned 100% blocks executed 100%
        5:  477:TEST(Life, Life_RunEvo3) {
call    0 returned 100%
call    1 returned 100%
call    2 returned 100%
call    3 returned 100%
call    4 returned 100%
call    5 returned 100%
call    6 returned 100%
branch  7 taken 0% (fallthrough)
branch  8 taken 100%
call    9 never executed
call   10 returned 100%
        1:  478:	stringstream in("Cell\n5\n5\n-----\n--00-\n-0-0-\n-00--\n-----");
call    0 returned 100%
call    1 returned 100%
call    2 returned 100%
branch  3 taken 100% (fallthrough)
branch  4 taken 0% (throw)
call    5 returned 100%
branch  6 taken 100% (fallthrough)
branch  7 taken 0% (throw)
call    8 returned 100%
call    9 returned 100%
call   10 never executed
call   11 never executed
        2:  479:	Life<Cell> l(in);
call    0 returned 100%
branch  1 taken 100% (fallthrough)
branch  2 taken 0% (throw)
call    3 returned 100%
branch  4 taken 100%
branch  5 taken 0%
call    6 never executed
        2:  480:	stringstream out;
call    0 returned 100%
call    1 returned 100%
branch  2 taken 100% (fallthrough)
branch  3 taken 0% (throw)
call    4 returned 100%
branch  5 taken 100%
branch  6 taken 0%
call    7 never executed
        1:  481:	l.print_grid(1, out);// test run_evolution within print_grid
call    0 returned 100%
branch  1 taken 100% (fallthrough)
branch  2 taken 0% (throw)
        1:  482:	ASSERT_EQ("Generation = 1, Population = 12.\n--00-\n--1-0\n01-10\n0-1--\n-00--\n\n", out.str());
call    0 returned 100%
branch  1 taken 100% (fallthrough)
branch  2 taken 0% (throw)
call    3 returned 100%
branch  4 taken 100% (fallthrough)
branch  5 taken 0% (throw)
call    6 returned 100%
call    7 returned 100%
branch  8 taken 0% (fallthrough)
branch  9 taken 100%
call   10 never executed
branch 11 never executed
branch 12 never executed
call   13 never executed
branch 14 never executed
branch 15 never executed
call   16 never executed
branch 17 never executed
branch 18 never executed
call   19 never executed
branch 20 never executed
branch 21 never executed
call   22 never executed
call   23 never executed
call   24 returned 100%
branch 25 taken 100%
branch 26 taken 0%
call   27 never executed
call   28 never executed
call   29 never executed
call   30 never executed
        1:  483:	stringstream out2;
call    0 returned 100%
call    1 returned 100%
branch  2 taken 100% (fallthrough)
branch  3 taken 0% (throw)
        1:  484:	l.print_grid(2, out2);
call    0 returned 100%
branch  1 taken 100% (fallthrough)
branch  2 taken 0% (throw)
        2:  485:	ASSERT_EQ("Generation = 2, Population = 12.\n-0-1-\n0-*-1\n-*-*-\n1-*-0\n-1-0-\n\n", out2.str());
call    0 returned 100%
branch  1 taken 100% (fallthrough)
branch  2 taken 0% (throw)
call    3 returned 100%
branch  4 taken 100% (fallthrough)
branch  5 taken 0% (throw)
call    6 returned 100%
call    7 returned 100%
branch  8 taken 0% (fallthrough)
branch  9 taken 100%
call   10 never executed
branch 11 never executed
branch 12 never executed
call   13 never executed
branch 14 never executed
branch 15 never executed
call   16 never executed
branch 17 never executed
branch 18 never executed
call   19 never executed
branch 20 never executed
branch 21 never executed
call   22 never executed
call   23 never executed
call   24 returned 100%
branch 25 taken 100%
branch 26 taken 0%
call   27 returned 100%
branch 28 taken 100%
branch 29 taken 0%
call   30 returned 100%
branch 31 taken 100%
branch 32 taken 0%
call   33 never executed
call   34 never executed
call   35 never executed
call   36 never executed
call   37 never executed
call   38 never executed
function _GLOBAL__sub_I__ZN34Life_AbstractCell_ShiftState1_Test10test_info_E called 1 returned 100% blocks executed 100%
function _Z41__static_initialization_and_destruction_0ii called 1 returned 100% blocks executed 100%
        3:  486:}
call    0 returned 100%
branch  1 taken 100% (fallthrough)
branch  2 taken 0%
branch  3 taken 100% (fallthrough)
branch  4 taken 0%
